2018-03-27 17:48:59 ERROR com.lenovo.spider.RichSpider.run(RichSpider.java:132) [process request error: IpInfo [ip=null, port=null, deadline=null, site=[siteName=null, domainName=http://www.rruu.com/local/, authType=1]], url:http://www.rruu.com/local/]
java.lang.NullPointerException: null
	at com.lenovo.spider.TemplateProcessor.process(TemplateProcessor.java:124) ~[classes/:?]
	at com.lenovo.spider.RichSpider.onDownloadSuccess(RichSpider.java:237) ~[classes/:?]
	at com.lenovo.spider.RichSpider.processRequest(RichSpider.java:229) ~[classes/:?]
	at com.lenovo.spider.RichSpider.run(RichSpider.java:128) [classes/:?]
	at java.lang.Thread.run(Thread.java:745) [?:1.8.0_121]
2018-03-27 17:49:13 ERROR com.lenovo.spider.RichSpider.run(RichSpider.java:132) [process request error: IpInfo [ip=null, port=null, deadline=null, site=[siteName=null, domainName=http://www.rruu.com/local/, authType=1]], url:http://www.rruu.com/local/]
java.lang.NullPointerException: null
	at com.lenovo.spider.TemplateProcessor.process(TemplateProcessor.java:124) ~[classes/:?]
	at com.lenovo.spider.RichSpider.onDownloadSuccess(RichSpider.java:237) ~[classes/:?]
	at com.lenovo.spider.RichSpider.processRequest(RichSpider.java:229) ~[classes/:?]
	at com.lenovo.spider.RichSpider.run(RichSpider.java:128) [classes/:?]
	at java.lang.Thread.run(Thread.java:745) [?:1.8.0_121]
2018-03-27 17:55:36 ERROR com.lenovo.spider.RichSpider.run(RichSpider.java:132) [process request error: IpInfo [ip=null, port=null, deadline=null, site=[siteName=null, domainName=http://www.rruu.com/local/, authType=1]], url:http://www.rruu.com/local/]
java.lang.IllegalArgumentException: XPath error!
	at us.codecraft.webmagic.selector.Xpath2Selector.<init>(Xpath2Selector.java:50) ~[webmagic-saxon-0.7.3.jar:?]
	at com.lenovo.spider.util.XpathUtils.safeXpath(XpathUtils.java:38) ~[classes/:?]
	at com.lenovo.spider.webmagic.ext.ItemExtractor.extract(ItemExtractor.java:42) ~[classes/:?]
	at com.lenovo.spider.webmagic.ext.ItemExtractor.lambda$4(ItemExtractor.java:97) ~[classes/:?]
	at java.util.stream.ReferencePipeline$3$1.accept(ReferencePipeline.java:193) ~[?:1.8.0_121]
	at java.util.ArrayList$ArrayListSpliterator.forEachRemaining(ArrayList.java:1374) ~[?:1.8.0_121]
	at java.util.stream.AbstractPipeline.copyInto(AbstractPipeline.java:481) ~[?:1.8.0_121]
	at java.util.stream.AbstractPipeline.wrapAndCopyInto(AbstractPipeline.java:471) ~[?:1.8.0_121]
	at java.util.stream.ReduceOps$ReduceOp.evaluateSequential(ReduceOps.java:708) ~[?:1.8.0_121]
	at java.util.stream.AbstractPipeline.evaluate(AbstractPipeline.java:234) ~[?:1.8.0_121]
	at java.util.stream.ReferencePipeline.collect(ReferencePipeline.java:499) ~[?:1.8.0_121]
	at com.lenovo.spider.webmagic.ext.ItemExtractor.lambda$2(ItemExtractor.java:98) ~[classes/:?]
	at java.util.Optional.ifPresent(Optional.java:159) ~[?:1.8.0_121]
	at com.lenovo.spider.webmagic.ext.ItemExtractor.extractArrayFromChildren(ItemExtractor.java:95) ~[classes/:?]
	at com.lenovo.spider.webmagic.ext.ItemExtractor.extract(ItemExtractor.java:50) ~[classes/:?]
	at com.lenovo.spider.TemplateProcessor.process(TemplateProcessor.java:118) ~[classes/:?]
	at com.lenovo.spider.RichSpider.onDownloadSuccess(RichSpider.java:237) ~[classes/:?]
	at com.lenovo.spider.RichSpider.processRequest(RichSpider.java:229) ~[classes/:?]
	at com.lenovo.spider.RichSpider.run(RichSpider.java:128) [classes/:?]
	at java.lang.Thread.run(Thread.java:745) [?:1.8.0_121]
Caused by: javax.xml.xpath.XPathExpressionException: net.sf.saxon.trans.XPathException: Unexpected token "=" in path expression
	at net.sf.saxon.xpath.XPathEvaluator.compile(XPathEvaluator.java:411) ~[Saxon-HE-9.5.1-1.jar:?]
	at us.codecraft.webmagic.selector.Xpath2Selector.init(Xpath2Selector.java:104) ~[webmagic-saxon-0.7.3.jar:?]
	at us.codecraft.webmagic.selector.Xpath2Selector.<init>(Xpath2Selector.java:48) ~[webmagic-saxon-0.7.3.jar:?]
	... 19 more
Caused by: net.sf.saxon.trans.XPathException: Unexpected token "=" in path expression
	at net.sf.saxon.expr.parser.ExpressionParser.grumble(ExpressionParser.java:272) ~[Saxon-HE-9.5.1-1.jar:?]
	at net.sf.saxon.expr.parser.ExpressionParser.grumble(ExpressionParser.java:226) ~[Saxon-HE-9.5.1-1.jar:?]
	at net.sf.saxon.expr.parser.ExpressionParser.grumble(ExpressionParser.java:213) ~[Saxon-HE-9.5.1-1.jar:?]
	at net.sf.saxon.expr.parser.ExpressionParser.parseBasicStep(ExpressionParser.java:1853) ~[Saxon-HE-9.5.1-1.jar:?]
	at net.sf.saxon.expr.parser.ExpressionParser.parseStepExpression(ExpressionParser.java:1636) ~[Saxon-HE-9.5.1-1.jar:?]
	at net.sf.saxon.expr.parser.ExpressionParser.parseRelativePath(ExpressionParser.java:1562) ~[Saxon-HE-9.5.1-1.jar:?]
	at net.sf.saxon.expr.parser.ExpressionParser.parsePathExpression(ExpressionParser.java:1529) ~[Saxon-HE-9.5.1-1.jar:?]
	at net.sf.saxon.expr.parser.ExpressionParser.parseSimpleMappingExpression(ExpressionParser.java:1539) ~[Saxon-HE-9.5.1-1.jar:?]
	at net.sf.saxon.expr.parser.ExpressionParser.parseUnaryExpression(ExpressionParser.java:1419) ~[Saxon-HE-9.5.1-1.jar:?]
	at net.sf.saxon.expr.parser.ExpressionParser.parseBinaryExpression(ExpressionParser.java:584) ~[Saxon-HE-9.5.1-1.jar:?]
	at net.sf.saxon.expr.parser.ExpressionParser.parseExprSingle(ExpressionParser.java:525) ~[Saxon-HE-9.5.1-1.jar:?]
	at net.sf.saxon.expr.parser.ExpressionParser.parseExpression(ExpressionParser.java:464) ~[Saxon-HE-9.5.1-1.jar:?]
	at net.sf.saxon.expr.parser.ExpressionParser.parsePredicate(ExpressionParser.java:1677) ~[Saxon-HE-9.5.1-1.jar:?]
	at net.sf.saxon.expr.parser.ExpressionParser.parseStepExpression(ExpressionParser.java:1646) ~[Saxon-HE-9.5.1-1.jar:?]
	at net.sf.saxon.expr.parser.ExpressionParser.parseRemainingPath(ExpressionParser.java:1598) ~[Saxon-HE-9.5.1-1.jar:?]
	at net.sf.saxon.expr.parser.ExpressionParser.parsePathExpression(ExpressionParser.java:1518) ~[Saxon-HE-9.5.1-1.jar:?]
	at net.sf.saxon.expr.parser.ExpressionParser.parseSimpleMappingExpression(ExpressionParser.java:1539) ~[Saxon-HE-9.5.1-1.jar:?]
	at net.sf.saxon.expr.parser.ExpressionParser.parseUnaryExpression(ExpressionParser.java:1419) ~[Saxon-HE-9.5.1-1.jar:?]
	at net.sf.saxon.expr.parser.ExpressionParser.parseExprSingle(ExpressionParser.java:525) ~[Saxon-HE-9.5.1-1.jar:?]
	at net.sf.saxon.expr.parser.ExpressionParser.parseExpression(ExpressionParser.java:464) ~[Saxon-HE-9.5.1-1.jar:?]
	at net.sf.saxon.expr.parser.ExpressionParser.parse(ExpressionParser.java:400) ~[Saxon-HE-9.5.1-1.jar:?]
	at net.sf.saxon.expr.parser.ExpressionTool.make(ExpressionTool.java:101) ~[Saxon-HE-9.5.1-1.jar:?]
	at net.sf.saxon.xpath.XPathEvaluator.createExpressionInternal(XPathEvaluator.java:268) ~[Saxon-HE-9.5.1-1.jar:?]
	at net.sf.saxon.xpath.XPathEvaluator.compile(XPathEvaluator.java:409) ~[Saxon-HE-9.5.1-1.jar:?]
	at us.codecraft.webmagic.selector.Xpath2Selector.init(Xpath2Selector.java:104) ~[webmagic-saxon-0.7.3.jar:?]
	at us.codecraft.webmagic.selector.Xpath2Selector.<init>(Xpath2Selector.java:48) ~[webmagic-saxon-0.7.3.jar:?]
	... 19 more
2018-03-27 19:29:49 ERROR com.lenovo.spider.RichSpider.run(RichSpider.java:132) [process request error: IpInfo [ip=null, port=null, deadline=null, site=[siteName=null, domainName=http://www.rruu.com/local/, authType=1]], url:http://www.rruu.com/usa/1221.html]
java.lang.NullPointerException: null
	at com.lenovo.spider.webmagic.ext.ItemExtractor.extract(ItemExtractor.java:38) ~[classes/:?]
	at com.lenovo.spider.TemplateProcessor.process(TemplateProcessor.java:112) ~[classes/:?]
	at com.lenovo.spider.RichSpider.onDownloadSuccess(RichSpider.java:237) ~[classes/:?]
	at com.lenovo.spider.RichSpider.processRequest(RichSpider.java:229) ~[classes/:?]
	at com.lenovo.spider.RichSpider.run(RichSpider.java:128) [classes/:?]
	at java.lang.Thread.run(Thread.java:745) [?:1.8.0_121]
2018-03-27 19:29:59 ERROR com.lenovo.spider.RichSpider.run(RichSpider.java:132) [process request error: IpInfo [ip=null, port=null, deadline=null, site=[siteName=null, domainName=http://www.rruu.com/local/, authType=1]], url:http://www.rruu.com/usa/1222.html]
java.lang.NullPointerException: null
	at com.lenovo.spider.webmagic.ext.ItemExtractor.extract(ItemExtractor.java:38) ~[classes/:?]
	at com.lenovo.spider.TemplateProcessor.process(TemplateProcessor.java:112) ~[classes/:?]
	at com.lenovo.spider.RichSpider.onDownloadSuccess(RichSpider.java:237) ~[classes/:?]
	at com.lenovo.spider.RichSpider.processRequest(RichSpider.java:229) ~[classes/:?]
	at com.lenovo.spider.RichSpider.run(RichSpider.java:128) [classes/:?]
	at java.lang.Thread.run(Thread.java:745) [?:1.8.0_121]
