2018-03-28 15:24:01 http://www.rruu.com/saleslist/88.html
2018-03-28 15:24:01 http://www.rruu.com/france/2901.html
2018-03-28 15:24:01 http://www.rruu.com/france/3241.html
2018-03-28 15:24:01 http://www.rruu.com/france/3228.html
2018-03-28 15:24:01 http://www.rruu.com/france/3944.html
2018-03-28 15:24:01 http://www.rruu.com/france/3944.html
2018-03-28 15:24:01 http://www.rruu.com/france/3229.html
2018-03-28 15:24:01 http://www.rruu.com/france/2375.html
2018-03-28 15:24:01 http://www.rruu.com/france/3241.html
2018-03-28 15:24:01 http://www.rruu.com/france/3233.html
2018-03-28 15:24:01 http://www.rruu.com/france/3348.html
2018-03-28 15:24:21 http://www.rruu.com/new_zealand/181.html
2018-03-28 15:24:21 http://www.rruu.com/new_zealand/173.html
2018-03-28 15:24:21 http://www.rruu.com/new_zealand/185.html
2018-03-28 15:24:21 http://www.rruu.com/new_zealand/874.html
2018-03-28 15:24:21 http://www.rruu.com/new_zealand/4336.html
2018-03-28 15:24:21 http://www.rruu.com/new_zealand/978.html
2018-03-28 15:24:21 http://www.rruu.com/new_zealand/874.html
2018-03-28 15:24:21 http://www.rruu.com/new_zealand/4301.html
2018-03-28 15:24:21 http://www.rruu.com/new_zealand/1006.html
2018-03-28 15:24:21 http://www.rruu.com/new_zealand/875.html
2018-03-28 15:24:21 http://www.rruu.com/france/3348.html
2018-03-28 15:24:21 http://www.rruu.com/new_zealand/978.html
2018-03-28 15:26:43 http://www.rruu.com/new_zealand/173.html
2018-03-28 15:26:43 http://www.rruu.com/new_zealand/185.html
2018-03-28 15:26:43 http://www.rruu.com/new_zealand/2437.html
2018-03-28 15:26:43 http://www.rruu.com/new_zealand/1081.html
2018-03-28 15:26:43 http://www.rruu.com/new_zealand/173.html
2018-03-28 15:26:43 http://www.rruu.com/new_zealand/181.html
2018-03-28 15:26:43 http://www.rruu.com/new_zealand/1015.html
2018-03-28 15:26:43 http://www.rruu.com/new_zealand/185.html
2018-03-28 15:26:43 http://www.rruu.com/new_zealand/2437.html
2018-03-28 15:26:43 http://www.rruu.com/france/3348.html
2018-03-28 15:26:43 http://www.rruu.com/new_zealand/978.html
2018-03-28 15:26:43 http://www.rruu.com/new_zealand/181.html
2018-03-28 15:26:49 http://www.rruu.com/usa/4415.html
2018-03-28 15:26:49 http://www.rruu.com/usa/2935.html
2018-03-28 15:26:49 http://www.rruu.com/usa/2943.html
2018-03-28 15:26:49 http://www.rruu.com/usa/3145.html
2018-03-28 15:26:49 http://www.rruu.com/saleslist/91.html
2018-03-28 15:26:49 http://www.rruu.com/usa/1340.html
2018-03-28 15:26:49 http://www.rruu.com/usa/4415.html
2018-03-28 15:26:49 http://www.rruu.com/usa/3218.html
2018-03-28 15:26:49 http://www.rruu.com/usa/2939.html
2018-03-28 15:26:49 http://www.rruu.com/usa/1677.html
2018-03-28 15:26:49 http://www.rruu.com/usa/2137.html
2018-03-28 15:26:49 http://www.rruu.com/france/3348.html
2018-03-28 15:26:49 http://www.rruu.com/new_zealand/978.html
2018-03-28 15:26:49 http://www.rruu.com/new_zealand/181.html
2018-03-28 15:26:49 http://www.rruu.com/usa/3581.html
2018-03-28 15:26:56 http://www.rruu.com/new_zealand/181.html
2018-03-28 15:26:56 http://www.rruu.com/new_zealand/173.html
2018-03-28 15:26:56 http://www.rruu.com/new_zealand/121.html
2018-03-28 15:26:56 http://www.rruu.com/new_zealand/1169.html
2018-03-28 15:26:56 http://www.rruu.com/new_zealand/121.html
2018-03-28 15:26:56 http://www.rruu.com/new_zealand/118.html
2018-03-28 15:26:56 http://www.rruu.com/new_zealand/814.html
2018-03-28 15:26:56 http://www.rruu.com/new_zealand/3797.html
2018-03-28 15:26:56 http://www.rruu.com/new_zealand/140.html
2018-03-28 15:26:56 http://www.rruu.com/france/3348.html
2018-03-28 15:26:56 http://www.rruu.com/new_zealand/978.html
2018-03-28 15:26:56 http://www.rruu.com/new_zealand/181.html
2018-03-28 15:26:56 http://www.rruu.com/usa/3581.html
2018-03-28 15:26:56 http://www.rruu.com/new_zealand/3797.html
2018-03-28 15:27:04 http://www.rruu.com/usa/3232.html
2018-03-28 15:27:04 http://www.rruu.com/usa/4415.html
2018-03-28 15:27:04 http://www.rruu.com/usa/3581.html
2018-03-28 15:27:04 http://www.rruu.com/usa/2138.html
2018-03-28 15:27:04 http://www.rruu.com/saleslist/91.html
2018-03-28 15:27:04 http://www.rruu.com/usa/4415.html
2018-03-28 15:27:04 http://www.rruu.com/usa/3218.html
2018-03-28 15:27:04 http://www.rruu.com/usa/2939.html
2018-03-28 15:27:04 http://www.rruu.com/usa/1677.html
2018-03-28 15:27:04 http://www.rruu.com/usa/2137.html
2018-03-28 15:27:04 http://www.rruu.com/france/3348.html
2018-03-28 15:27:04 http://www.rruu.com/new_zealand/978.html
2018-03-28 15:27:04 http://www.rruu.com/new_zealand/181.html
2018-03-28 15:27:04 http://www.rruu.com/usa/3581.html
2018-03-28 15:27:04 http://www.rruu.com/new_zealand/3797.html
2018-03-28 15:27:04 http://www.rruu.com/usa/3227.html
2018-03-28 15:27:11 http://www.rruu.com/usa/3145.html
2018-03-28 15:27:11 http://www.rruu.com/usa/4415.html
2018-03-28 15:27:11 http://www.rruu.com/usa/3227.html
2018-03-28 15:27:11 http://www.rruu.com/usa/3232.html
2018-03-28 15:27:11 http://www.rruu.com/usa/4415.html
2018-03-28 15:27:11 http://www.rruu.com/usa/3218.html
2018-03-28 15:27:11 http://www.rruu.com/usa/2939.html
2018-03-28 15:27:11 http://www.rruu.com/usa/1677.html
2018-03-28 15:27:11 http://www.rruu.com/usa/2137.html
2018-03-28 15:27:11 http://www.rruu.com/france/3348.html
2018-03-28 15:27:11 http://www.rruu.com/new_zealand/978.html
2018-03-28 15:27:11 http://www.rruu.com/new_zealand/181.html
2018-03-28 15:27:11 http://www.rruu.com/usa/3581.html
2018-03-28 15:27:11 http://www.rruu.com/new_zealand/3797.html
2018-03-28 15:27:11 http://www.rruu.com/usa/2943.html
2018-03-28 15:27:18 http://www.rruu.com/usa/3227.html
2018-03-28 15:27:18 http://www.rruu.com/usa/2943.html
2018-03-28 15:27:18 http://www.rruu.com/usa/3581.html
2018-03-28 15:27:18 http://www.rruu.com/usa/4415.html
2018-03-28 15:27:18 http://www.rruu.com/usa/4415.html
2018-03-28 15:27:18 http://www.rruu.com/usa/3218.html
2018-03-28 15:27:18 http://www.rruu.com/usa/2939.html
2018-03-28 15:27:18 http://www.rruu.com/usa/1677.html
2018-03-28 15:27:18 http://www.rruu.com/usa/2137.html
2018-03-28 15:27:18 http://www.rruu.com/france/3348.html
2018-03-28 15:27:18 http://www.rruu.com/new_zealand/978.html
2018-03-28 15:27:18 http://www.rruu.com/new_zealand/181.html
2018-03-28 15:27:18 http://www.rruu.com/usa/3581.html
2018-03-28 15:27:18 http://www.rruu.com/new_zealand/3797.html
2018-03-28 15:27:18 http://www.rruu.com/usa/3232.html
2018-03-28 15:27:24 http://www.rruu.com/new_zealand/181.html
2018-03-28 15:27:24 http://www.rruu.com/new_zealand/1081.html
2018-03-28 15:27:24 http://www.rruu.com/new_zealand/173.html
2018-03-28 15:27:24 http://www.rruu.com/new_zealand/2437.html
2018-03-28 15:27:24 http://www.rruu.com/new_zealand/173.html
2018-03-28 15:27:24 http://www.rruu.com/new_zealand/181.html
2018-03-28 15:27:24 http://www.rruu.com/new_zealand/1015.html
2018-03-28 15:27:24 http://www.rruu.com/new_zealand/185.html
2018-03-28 15:27:24 http://www.rruu.com/new_zealand/2437.html
2018-03-28 15:27:24 http://www.rruu.com/france/3348.html
2018-03-28 15:27:24 http://www.rruu.com/new_zealand/978.html
2018-03-28 15:27:24 http://www.rruu.com/new_zealand/181.html
2018-03-28 15:27:24 http://www.rruu.com/usa/3581.html
2018-03-28 15:27:24 http://www.rruu.com/new_zealand/3797.html
2018-03-28 15:27:24 http://www.rruu.com/new_zealand/185.html
2018-03-28 15:27:30 http://www.rruu.com/australia/3994.html
2018-03-28 15:27:30 http://www.rruu.com/australia/67.html
2018-03-28 15:27:30 http://www.rruu.com/australia/492.html
2018-03-28 15:27:30 http://www.rruu.com/australia/522.html
2018-03-28 15:27:30 http://www.rruu.com/australia/3994.html
2018-03-28 15:27:30 http://www.rruu.com/australia/232.html
2018-03-28 15:27:30 http://www.rruu.com/australia/67.html
2018-03-28 15:27:30 http://www.rruu.com/australia/71.html
2018-03-28 15:27:30 http://www.rruu.com/australia/673.html
2018-03-28 15:27:30 http://www.rruu.com/france/3348.html
2018-03-28 15:27:30 http://www.rruu.com/new_zealand/978.html
2018-03-28 15:27:30 http://www.rruu.com/new_zealand/181.html
2018-03-28 15:27:30 http://www.rruu.com/usa/3581.html
2018-03-28 15:27:30 http://www.rruu.com/new_zealand/3797.html
2018-03-28 15:27:30 http://www.rruu.com/australia/659.html
2018-03-28 15:27:37 http://www.rruu.com/australia/89.html
2018-03-28 15:27:37 http://www.rruu.com/australia/201.html
2018-03-28 15:27:37 http://www.rruu.com/australia/2226.html
2018-03-28 15:27:37 http://www.rruu.com/australia/203.html
2018-03-28 15:27:37 http://www.rruu.com/australia/2257.html
2018-03-28 15:27:37 http://www.rruu.com/australia/201.html
2018-03-28 15:27:37 http://www.rruu.com/australia/87.html
2018-03-28 15:27:37 http://www.rruu.com/australia/789.html
2018-03-28 15:27:37 http://www.rruu.com/australia/2226.html
2018-03-28 15:27:37 http://www.rruu.com/france/3348.html
2018-03-28 15:27:37 http://www.rruu.com/new_zealand/978.html
2018-03-28 15:27:37 http://www.rruu.com/new_zealand/181.html
2018-03-28 15:27:37 http://www.rruu.com/usa/3581.html
2018-03-28 15:27:37 http://www.rruu.com/new_zealand/3797.html
2018-03-28 15:27:37 http://www.rruu.com/australia/789.html
2018-03-28 15:27:42 http://www.rruu.com/australia/89.html
2018-03-28 15:27:42 http://www.rruu.com/australia/789.html
2018-03-28 15:27:42 http://www.rruu.com/australia/2226.html
2018-03-28 15:27:42 http://www.rruu.com/australia/203.html
2018-03-28 15:27:42 http://www.rruu.com/australia/2226.html
2018-03-28 15:27:42 http://www.rruu.com/australia/2257.html
2018-03-28 15:27:42 http://www.rruu.com/australia/201.html
2018-03-28 15:27:42 http://www.rruu.com/australia/87.html
2018-03-28 15:27:42 http://www.rruu.com/australia/789.html
2018-03-28 15:27:42 http://www.rruu.com/australia/2226.html
2018-03-28 15:27:42 http://www.rruu.com/france/3348.html
2018-03-28 15:27:42 http://www.rruu.com/new_zealand/978.html
2018-03-28 15:27:42 http://www.rruu.com/new_zealand/181.html
2018-03-28 15:27:42 http://www.rruu.com/usa/3581.html
2018-03-28 15:27:42 http://www.rruu.com/new_zealand/3797.html
2018-03-28 15:27:42 http://www.rruu.com/australia/201.html
2018-03-28 15:27:49 http://www.rruu.com/australia/659.html
2018-03-28 15:27:49 http://www.rruu.com/australia/340.html
2018-03-28 15:27:49 http://www.rruu.com/australia/630.html
2018-03-28 15:27:49 http://www.rruu.com/australia/67.html
2018-03-28 15:27:49 http://www.rruu.com/australia/3994.html
2018-03-28 15:27:49 http://www.rruu.com/australia/232.html
2018-03-28 15:27:49 http://www.rruu.com/australia/67.html
2018-03-28 15:27:49 http://www.rruu.com/australia/71.html
2018-03-28 15:27:49 http://www.rruu.com/australia/673.html
2018-03-28 15:27:49 http://www.rruu.com/france/3348.html
2018-03-28 15:27:49 http://www.rruu.com/new_zealand/978.html
2018-03-28 15:27:49 http://www.rruu.com/new_zealand/181.html
2018-03-28 15:27:49 http://www.rruu.com/usa/3581.html
2018-03-28 15:27:49 http://www.rruu.com/new_zealand/3797.html
2018-03-28 15:27:49 http://www.rruu.com/australia/3994.html
2018-03-28 15:27:55 http://www.rruu.com/australia/29.html
2018-03-28 15:27:55 http://www.rruu.com/australia/34.html
2018-03-28 15:27:55 http://www.rruu.com/australia/30.html
2018-03-28 15:27:55 http://www.rruu.com/australia/38.html
2018-03-28 15:27:55 http://www.rruu.com/australia/34.html
2018-03-28 15:27:55 http://www.rruu.com/australia/38.html
2018-03-28 15:27:55 http://www.rruu.com/australia/29.html
2018-03-28 15:27:55 http://www.rruu.com/australia/32.html
2018-03-28 15:27:55 http://www.rruu.com/australia/114.html
2018-03-28 15:27:55 http://www.rruu.com/france/3348.html
2018-03-28 15:27:55 http://www.rruu.com/new_zealand/978.html
2018-03-28 15:27:55 http://www.rruu.com/new_zealand/181.html
2018-03-28 15:27:55 http://www.rruu.com/usa/3581.html
2018-03-28 15:27:55 http://www.rruu.com/new_zealand/3797.html
2018-03-28 15:27:55 http://www.rruu.com/australia/114.html
2018-03-28 15:28:02 http://www.rruu.com/austria/2818.html
2018-03-28 15:28:02 http://www.rruu.com/austria/3510.html
2018-03-28 15:28:02 http://www.rruu.com/austria/3532.html
2018-03-28 15:28:02 http://www.rruu.com/austria/2834.html
2018-03-28 15:28:02 http://www.rruu.com/austria/3537.html
2018-03-28 15:28:02 http://www.rruu.com/austria/2299.html
2018-03-28 15:28:02 http://www.rruu.com/austria/2783.html
2018-03-28 15:28:02 http://www.rruu.com/austria/3534.html
2018-03-28 15:28:02 http://www.rruu.com/austria/2288.html
2018-03-28 15:28:02 http://www.rruu.com/france/3348.html
2018-03-28 15:28:02 http://www.rruu.com/new_zealand/978.html
2018-03-28 15:28:02 http://www.rruu.com/new_zealand/181.html
2018-03-28 15:28:02 http://www.rruu.com/usa/3581.html
2018-03-28 15:28:02 http://www.rruu.com/new_zealand/3797.html
2018-03-28 15:28:02 http://www.rruu.com/austria/2299.html
2018-03-28 15:28:08 http://www.rruu.com/usa/2144.html
2018-03-28 15:28:08 http://www.rruu.com/usa/2146.html
2018-03-28 15:28:08 http://www.rruu.com/usa/2168.html
2018-03-28 15:28:08 http://www.rruu.com/usa/1221.html
2018-03-28 15:28:08 http://www.rruu.com/usa/2170.html
2018-03-28 15:28:08 http://www.rruu.com/usa/2168.html
2018-03-28 15:28:08 http://www.rruu.com/usa/2146.html
2018-03-28 15:28:08 http://www.rruu.com/usa/2139.html
2018-03-28 15:28:08 http://www.rruu.com/usa/2144.html
2018-03-28 15:28:08 http://www.rruu.com/france/3348.html
2018-03-28 15:28:08 http://www.rruu.com/new_zealand/978.html
2018-03-28 15:28:08 http://www.rruu.com/new_zealand/181.html
2018-03-28 15:28:08 http://www.rruu.com/usa/3581.html
2018-03-28 15:28:08 http://www.rruu.com/new_zealand/3797.html
2018-03-28 15:28:08 http://www.rruu.com/usa/2170.html
2018-03-28 15:28:16 http://www.rruu.com/saleslist/97.html
2018-03-28 15:28:16 http://www.rruu.com/united_kingdom/2397.html
2018-03-28 15:28:16 http://www.rruu.com/united_kingdom/2359.html
2018-03-28 15:28:16 http://www.rruu.com/united_kingdom/2407.html
2018-03-28 15:28:16 http://www.rruu.com/united_kingdom/2766.html
2018-03-28 15:28:16 http://www.rruu.com/united_kingdom/2397.html
2018-03-28 15:28:16 http://www.rruu.com/united_kingdom/3420.html
2018-03-28 15:28:16 http://www.rruu.com/united_kingdom/4621.html
2018-03-28 15:28:16 http://www.rruu.com/united_kingdom/2766.html
2018-03-28 15:28:16 http://www.rruu.com/united_kingdom/2357.html
2018-03-28 15:28:16 http://www.rruu.com/france/3348.html
2018-03-28 15:28:16 http://www.rruu.com/new_zealand/978.html
2018-03-28 15:28:16 http://www.rruu.com/new_zealand/181.html
2018-03-28 15:28:16 http://www.rruu.com/usa/3581.html
2018-03-28 15:28:16 http://www.rruu.com/new_zealand/3797.html
2018-03-28 15:28:16 http://www.rruu.com/united_kingdom/4743.html
2018-03-28 15:28:22 http://www.rruu.com/norway/4725.html
2018-03-28 15:28:22 http://www.rruu.com/norway/4765.html
2018-03-28 15:28:22 http://www.rruu.com/norway/5433.html
2018-03-28 15:28:22 http://www.rruu.com/norway/5144.html
2018-03-28 15:28:22 http://www.rruu.com/norway/3984.html
2018-03-28 15:28:22 http://www.rruu.com/norway/3991.html
2018-03-28 15:28:22 http://www.rruu.com/norway/4511.html
2018-03-28 15:28:22 http://www.rruu.com/germany/4508.html
2018-03-28 15:28:22 http://www.rruu.com/norway/4024.html
2018-03-28 15:28:22 http://www.rruu.com/france/3348.html
2018-03-28 15:28:22 http://www.rruu.com/new_zealand/978.html
2018-03-28 15:28:22 http://www.rruu.com/new_zealand/181.html
2018-03-28 15:28:22 http://www.rruu.com/usa/3581.html
2018-03-28 15:28:22 http://www.rruu.com/new_zealand/3797.html
2018-03-28 15:28:22 http://www.rruu.com/norway/3984.html
2018-03-28 15:28:27 http://www.rruu.com/australia/659.html
2018-03-28 15:28:27 http://www.rruu.com/australia/3994.html
2018-03-28 15:28:27 http://www.rruu.com/australia/68.html
2018-03-28 15:28:27 http://www.rruu.com/australia/307.html
2018-03-28 15:28:27 http://www.rruu.com/australia/3994.html
2018-03-28 15:28:27 http://www.rruu.com/australia/232.html
2018-03-28 15:28:27 http://www.rruu.com/australia/67.html
2018-03-28 15:28:27 http://www.rruu.com/australia/71.html
2018-03-28 15:28:27 http://www.rruu.com/australia/673.html
2018-03-28 15:28:27 http://www.rruu.com/france/3348.html
2018-03-28 15:28:27 http://www.rruu.com/new_zealand/978.html
2018-03-28 15:28:27 http://www.rruu.com/new_zealand/181.html
2018-03-28 15:28:27 http://www.rruu.com/usa/3581.html
2018-03-28 15:28:27 http://www.rruu.com/new_zealand/3797.html
2018-03-28 15:28:27 http://www.rruu.com/australia/4619.html
2018-03-28 15:28:33 http://www.rruu.com/saleslist/88.html
2018-03-28 15:28:33 http://www.rruu.com/france/2375.html
2018-03-28 15:28:33 http://www.rruu.com/france/3228.html
2018-03-28 15:28:33 http://www.rruu.com/france/3233.html
2018-03-28 15:28:33 http://www.rruu.com/france/3241.html
2018-03-28 15:28:33 http://www.rruu.com/france/3944.html
2018-03-28 15:28:33 http://www.rruu.com/france/3229.html
2018-03-28 15:28:33 http://www.rruu.com/france/2375.html
2018-03-28 15:28:33 http://www.rruu.com/france/3241.html
2018-03-28 15:28:33 http://www.rruu.com/france/3233.html
2018-03-28 15:28:33 http://www.rruu.com/france/3348.html
2018-03-28 15:28:33 http://www.rruu.com/new_zealand/978.html
2018-03-28 15:28:33 http://www.rruu.com/new_zealand/181.html
2018-03-28 15:28:33 http://www.rruu.com/usa/3581.html
2018-03-28 15:28:33 http://www.rruu.com/new_zealand/3797.html
2018-03-28 15:28:33 http://www.rruu.com/france/3944.html
2018-03-28 15:28:39 http://www.rruu.com/australia/522.html
2018-03-28 15:28:39 http://www.rruu.com/australia/3402.html
2018-03-28 15:28:39 http://www.rruu.com/australia/58.html
2018-03-28 15:28:39 http://www.rruu.com/australia/57.html
2018-03-28 15:28:39 http://www.rruu.com/australia/407.html
2018-03-28 15:28:39 http://www.rruu.com/australia/53.html
2018-03-28 15:28:39 http://www.rruu.com/australia/522.html
2018-03-28 15:28:39 http://www.rruu.com/australia/58.html
2018-03-28 15:28:39 http://www.rruu.com/australia/59.html
2018-03-28 15:28:39 http://www.rruu.com/france/3348.html
2018-03-28 15:28:39 http://www.rruu.com/new_zealand/978.html
2018-03-28 15:28:39 http://www.rruu.com/new_zealand/181.html
2018-03-28 15:28:39 http://www.rruu.com/usa/3581.html
2018-03-28 15:28:39 http://www.rruu.com/new_zealand/3797.html
2018-03-28 15:28:39 http://www.rruu.com/australia/407.html
2018-03-28 15:28:45 http://www.rruu.com/saleslist/88.html
2018-03-28 15:28:45 http://www.rruu.com/france/3241.html
2018-03-28 15:28:45 http://www.rruu.com/france/3348.html
2018-03-28 15:28:45 http://www.rruu.com/france/2375.html
2018-03-28 15:28:45 http://www.rruu.com/france/2901.html
2018-03-28 15:28:46 http://www.rruu.com/france/3944.html
2018-03-28 15:28:46 http://www.rruu.com/france/3229.html
2018-03-28 15:28:46 http://www.rruu.com/france/2375.html
2018-03-28 15:28:46 http://www.rruu.com/france/3241.html
2018-03-28 15:28:46 http://www.rruu.com/france/3233.html
2018-03-28 15:28:46 http://www.rruu.com/france/3348.html
2018-03-28 15:28:46 http://www.rruu.com/new_zealand/978.html
2018-03-28 15:28:46 http://www.rruu.com/new_zealand/181.html
2018-03-28 15:28:46 http://www.rruu.com/usa/3581.html
2018-03-28 15:28:46 http://www.rruu.com/new_zealand/3797.html
2018-03-28 15:28:46 http://www.rruu.com/france/3229.html
2018-03-28 15:28:51 http://www.rruu.com/saleslist/88.html
2018-03-28 15:28:51 http://www.rruu.com/france/3944.html
2018-03-28 15:28:51 http://www.rruu.com/france/3228.html
2018-03-28 15:28:51 http://www.rruu.com/france/3241.html
2018-03-28 15:28:51 http://www.rruu.com/france/3233.html
2018-03-28 15:28:51 http://www.rruu.com/france/3944.html
2018-03-28 15:28:51 http://www.rruu.com/france/3229.html
2018-03-28 15:28:51 http://www.rruu.com/france/2375.html
2018-03-28 15:28:51 http://www.rruu.com/france/3241.html
2018-03-28 15:28:51 http://www.rruu.com/france/3233.html
2018-03-28 15:28:51 http://www.rruu.com/france/3348.html
2018-03-28 15:28:51 http://www.rruu.com/new_zealand/978.html
2018-03-28 15:28:51 http://www.rruu.com/new_zealand/181.html
2018-03-28 15:28:51 http://www.rruu.com/usa/3581.html
2018-03-28 15:28:51 http://www.rruu.com/new_zealand/3797.html
2018-03-28 15:28:51 http://www.rruu.com/france/2375.html
2018-03-28 15:28:57 http://www.rruu.com/france/3144.html
2018-03-28 15:28:57 http://www.rruu.com/france/3533.html
2018-03-28 15:28:57 http://www.rruu.com/france/3159.html
2018-03-28 15:28:57 http://www.rruu.com/france/3260.html
2018-03-28 15:28:57 http://www.rruu.com/france/3151.html
2018-03-28 15:28:57 http://www.rruu.com/france/3195.html
2018-03-28 15:28:57 http://www.rruu.com/france/3152.html
2018-03-28 15:28:57 http://www.rruu.com/france/3191.html
2018-03-28 15:28:57 http://www.rruu.com/france/3186.html
2018-03-28 15:28:57 http://www.rruu.com/france/3153.html
2018-03-28 15:28:57 http://www.rruu.com/france/3187.html
2018-03-28 15:28:57 http://www.rruu.com/saleslist/88.html
2018-03-28 15:29:03 http://www.rruu.com/saleslist/88.html
2018-03-28 15:29:03 http://www.rruu.com/france/3348.html
2018-03-28 15:29:03 http://www.rruu.com/france/3228.html
2018-03-28 15:29:03 http://www.rruu.com/france/3241.html
2018-03-28 15:29:03 http://www.rruu.com/france/2426.html
2018-03-28 15:29:03 http://www.rruu.com/france/2901.html
2018-03-28 15:29:03 http://www.rruu.com/france/3078.html
2018-03-28 15:29:03 http://www.rruu.com/france/4640.html
2018-03-28 15:29:03 http://www.rruu.com/france/3529.html
2018-03-28 15:29:03 http://www.rruu.com/france/2387.html
2018-03-28 15:29:03 http://www.rruu.com/france/3348.html
2018-03-28 15:29:03 http://www.rruu.com/new_zealand/978.html
2018-03-28 15:29:03 http://www.rruu.com/new_zealand/181.html
2018-03-28 15:29:03 http://www.rruu.com/usa/3581.html
2018-03-28 15:29:03 http://www.rruu.com/new_zealand/3797.html
2018-03-28 15:29:03 http://www.rruu.com/france/2901.html
2018-03-28 15:29:10 http://www.rruu.com/saleslist/88.html
2018-03-28 15:29:10 http://www.rruu.com/france/3228.html
2018-03-28 15:29:10 http://www.rruu.com/france/3348.html
2018-03-28 15:29:10 http://www.rruu.com/france/2901.html
2018-03-28 15:29:10 http://www.rruu.com/france/2375.html
2018-03-28 15:29:10 http://www.rruu.com/france/3944.html
2018-03-28 15:29:10 http://www.rruu.com/france/3229.html
2018-03-28 15:29:10 http://www.rruu.com/france/2375.html
2018-03-28 15:29:10 http://www.rruu.com/france/3241.html
2018-03-28 15:29:10 http://www.rruu.com/france/3233.html
2018-03-28 15:29:10 http://www.rruu.com/france/3348.html
2018-03-28 15:29:10 http://www.rruu.com/new_zealand/978.html
2018-03-28 15:29:10 http://www.rruu.com/new_zealand/181.html
2018-03-28 15:29:10 http://www.rruu.com/usa/3581.html
2018-03-28 15:29:10 http://www.rruu.com/new_zealand/3797.html
2018-03-28 15:29:10 http://www.rruu.com/france/3241.html
2018-03-28 15:29:16 http://www.rruu.com/saleslist/88.html
2018-03-28 15:29:16 http://www.rruu.com/france/2375.html
2018-03-28 15:29:16 http://www.rruu.com/france/3944.html
2018-03-28 15:29:16 http://www.rruu.com/france/3228.html
2018-03-28 15:29:16 http://www.rruu.com/france/3241.html
2018-03-28 15:29:16 http://www.rruu.com/france/3944.html
2018-03-28 15:29:16 http://www.rruu.com/france/3229.html
2018-03-28 15:29:16 http://www.rruu.com/france/2375.html
2018-03-28 15:29:16 http://www.rruu.com/france/3241.html
2018-03-28 15:29:16 http://www.rruu.com/france/3233.html
2018-03-28 15:29:16 http://www.rruu.com/france/3348.html
2018-03-28 15:29:16 http://www.rruu.com/new_zealand/978.html
2018-03-28 15:29:16 http://www.rruu.com/new_zealand/181.html
2018-03-28 15:29:16 http://www.rruu.com/usa/3581.html
2018-03-28 15:29:16 http://www.rruu.com/new_zealand/3797.html
2018-03-28 15:29:16 http://www.rruu.com/france/3233.html
2018-03-28 15:29:23 http://www.rruu.com/new_zealand/181.html
2018-03-28 15:29:23 http://www.rruu.com/new_zealand/185.html
2018-03-28 15:29:23 http://www.rruu.com/new_zealand/2437.html
2018-03-28 15:29:23 http://www.rruu.com/new_zealand/781.html
2018-03-28 15:29:23 http://www.rruu.com/new_zealand/173.html
2018-03-28 15:29:23 http://www.rruu.com/new_zealand/181.html
2018-03-28 15:29:23 http://www.rruu.com/new_zealand/1015.html
2018-03-28 15:29:23 http://www.rruu.com/new_zealand/185.html
2018-03-28 15:29:23 http://www.rruu.com/new_zealand/2437.html
2018-03-28 15:29:23 http://www.rruu.com/france/3348.html
2018-03-28 15:29:23 http://www.rruu.com/new_zealand/978.html
2018-03-28 15:29:23 http://www.rruu.com/new_zealand/181.html
2018-03-28 15:29:23 http://www.rruu.com/usa/3581.html
2018-03-28 15:29:23 http://www.rruu.com/new_zealand/3797.html
2018-03-28 15:29:23 http://www.rruu.com/new_zealand/173.html
2018-03-28 15:29:29 http://www.rruu.com/new_zealand/181.html
2018-03-28 15:29:29 http://www.rruu.com/new_zealand/978.html
2018-03-28 15:29:29 http://www.rruu.com/new_zealand/173.html
2018-03-28 15:29:29 http://www.rruu.com/new_zealand/2437.html
2018-03-28 15:29:29 http://www.rruu.com/saleslist/106.html
2018-03-28 15:29:29 http://www.rruu.com/saleslist/105.html
2018-03-28 15:29:29 http://www.rruu.com/new_zealand/978.html
2018-03-28 15:29:29 http://www.rruu.com/new_zealand/874.html
2018-03-28 15:29:29 http://www.rruu.com/new_zealand/4301.html
2018-03-28 15:29:29 http://www.rruu.com/new_zealand/1006.html
2018-03-28 15:29:29 http://www.rruu.com/new_zealand/875.html
2018-03-28 15:29:29 http://www.rruu.com/france/3348.html
2018-03-28 15:29:29 http://www.rruu.com/new_zealand/978.html
2018-03-28 15:29:29 http://www.rruu.com/new_zealand/181.html
2018-03-28 15:29:29 http://www.rruu.com/usa/3581.html
2018-03-28 15:29:29 http://www.rruu.com/new_zealand/3797.html
2018-03-28 15:29:29 http://www.rruu.com/new_zealand/874.html
2018-03-28 15:29:35 http://www.rruu.com/new_zealand/181.html
2018-03-28 15:29:35 http://www.rruu.com/new_zealand/978.html
2018-03-28 15:29:35 http://www.rruu.com/new_zealand/173.html
2018-03-28 15:29:35 http://www.rruu.com/new_zealand/3120.html
2018-03-28 15:29:35 http://www.rruu.com/new_zealand/978.html
2018-03-28 15:29:35 http://www.rruu.com/new_zealand/856.html
2018-03-28 15:29:35 http://www.rruu.com/new_zealand/953.html
2018-03-28 15:29:35 http://www.rruu.com/new_zealand/854.html
2018-03-28 15:29:35 http://www.rruu.com/new_zealand/173.html
2018-03-28 15:29:35 http://www.rruu.com/new_zealand/181.html
2018-03-28 15:29:35 http://www.rruu.com/new_zealand/1015.html
2018-03-28 15:29:35 http://www.rruu.com/new_zealand/185.html
2018-03-28 15:29:35 http://www.rruu.com/new_zealand/2437.html
2018-03-28 15:29:35 http://www.rruu.com/france/3348.html
2018-03-28 15:29:35 http://www.rruu.com/new_zealand/978.html
2018-03-28 15:29:35 http://www.rruu.com/new_zealand/181.html
2018-03-28 15:29:35 http://www.rruu.com/usa/3581.html
2018-03-28 15:29:35 http://www.rruu.com/new_zealand/3797.html
2018-03-28 15:29:35 http://www.rruu.com/new_zealand/4336.html
2018-03-28 15:29:42 http://www.rruu.com/new_zealand/181.html
2018-03-28 15:29:42 http://www.rruu.com/new_zealand/173.html
2018-03-28 15:29:42 http://www.rruu.com/new_zealand/978.html
2018-03-28 15:29:42 http://www.rruu.com/new_zealand/874.html
2018-03-28 15:29:42 http://www.rruu.com/saleslist/106.html
2018-03-28 15:29:42 http://www.rruu.com/saleslist/105.html
2018-03-28 15:29:42 http://www.rruu.com/new_zealand/4703.html
2018-03-28 15:29:42 http://www.rruu.com/new_zealand/5241.html
2018-03-28 15:29:42 http://www.rruu.com/new_zealand/978.html
2018-03-28 15:29:42 http://www.rruu.com/new_zealand/874.html
2018-03-28 15:29:42 http://www.rruu.com/new_zealand/4301.html
2018-03-28 15:29:42 http://www.rruu.com/new_zealand/1006.html
2018-03-28 15:29:42 http://www.rruu.com/new_zealand/875.html
2018-03-28 15:29:42 http://www.rruu.com/france/3348.html
2018-03-28 15:29:42 http://www.rruu.com/new_zealand/978.html
2018-03-28 15:29:42 http://www.rruu.com/new_zealand/181.html
2018-03-28 15:29:42 http://www.rruu.com/usa/3581.html
2018-03-28 15:29:42 http://www.rruu.com/new_zealand/3797.html
2018-03-28 15:29:42 http://www.rruu.com/new_zealand/4301.html
2018-03-28 15:29:48 http://www.rruu.com/new_zealand/181.html
2018-03-28 15:29:48 http://www.rruu.com/new_zealand/173.html
2018-03-28 15:29:48 http://www.rruu.com/new_zealand/121.html
2018-03-28 15:29:48 http://www.rruu.com/new_zealand/2437.html
2018-03-28 15:29:48 http://www.rruu.com/new_zealand/105.html
2018-03-28 15:29:48 http://www.rruu.com/new_zealand/4830.html
2018-03-28 15:29:48 http://www.rruu.com/new_zealand/1006.html
2018-03-28 15:29:48 http://www.rruu.com/new_zealand/1114.html
2018-03-28 15:29:48 http://www.rruu.com/new_zealand/1169.html
2018-03-28 15:29:48 http://www.rruu.com/france/3348.html
2018-03-28 15:29:48 http://www.rruu.com/new_zealand/978.html
2018-03-28 15:29:48 http://www.rruu.com/new_zealand/181.html
2018-03-28 15:29:48 http://www.rruu.com/usa/3581.html
2018-03-28 15:29:48 http://www.rruu.com/new_zealand/3797.html
2018-03-28 15:29:48 http://www.rruu.com/new_zealand/1006.html
2018-03-28 15:29:54 http://www.rruu.com/new_zealand/874.html
2018-03-28 15:29:54 http://www.rruu.com/new_zealand/181.html
2018-03-28 15:29:54 http://www.rruu.com/new_zealand/978.html
2018-03-28 15:29:54 http://www.rruu.com/new_zealand/173.html
2018-03-28 15:29:54 http://www.rruu.com/saleslist/106.html
2018-03-28 15:29:54 http://www.rruu.com/saleslist/105.html
2018-03-28 15:29:54 http://www.rruu.com/new_zealand/978.html
2018-03-28 15:29:54 http://www.rruu.com/new_zealand/874.html
2018-03-28 15:29:54 http://www.rruu.com/new_zealand/4301.html
2018-03-28 15:29:54 http://www.rruu.com/new_zealand/1006.html
2018-03-28 15:29:54 http://www.rruu.com/new_zealand/875.html
2018-03-28 15:29:54 http://www.rruu.com/france/3348.html
2018-03-28 15:29:54 http://www.rruu.com/new_zealand/978.html
2018-03-28 15:29:54 http://www.rruu.com/new_zealand/181.html
2018-03-28 15:29:54 http://www.rruu.com/usa/3581.html
2018-03-28 15:29:54 http://www.rruu.com/new_zealand/3797.html
2018-03-28 15:29:54 http://www.rruu.com/new_zealand/875.html
2018-03-28 15:30:00 http://www.rruu.com/new_zealand/181.html
2018-03-28 15:30:00 http://www.rruu.com/new_zealand/173.html
2018-03-28 15:30:00 http://www.rruu.com/new_zealand/1081.html
2018-03-28 15:30:00 http://www.rruu.com/new_zealand/185.html
2018-03-28 15:30:00 http://www.rruu.com/new_zealand/4006.html
2018-03-28 15:30:00 http://www.rruu.com/new_zealand/173.html
2018-03-28 15:30:00 http://www.rruu.com/new_zealand/181.html
2018-03-28 15:30:00 http://www.rruu.com/new_zealand/1015.html
2018-03-28 15:30:00 http://www.rruu.com/new_zealand/185.html
2018-03-28 15:30:00 http://www.rruu.com/new_zealand/2437.html
2018-03-28 15:30:00 http://www.rruu.com/france/3348.html
2018-03-28 15:30:00 http://www.rruu.com/new_zealand/978.html
2018-03-28 15:30:00 http://www.rruu.com/new_zealand/181.html
2018-03-28 15:30:00 http://www.rruu.com/usa/3581.html
2018-03-28 15:30:00 http://www.rruu.com/new_zealand/3797.html
2018-03-28 15:30:00 http://www.rruu.com/new_zealand/2437.html
2018-03-28 15:30:06 http://www.rruu.com/new_zealand/181.html
2018-03-28 15:30:06 http://www.rruu.com/new_zealand/185.html
2018-03-28 15:30:06 http://www.rruu.com/new_zealand/2437.html
2018-03-28 15:30:06 http://www.rruu.com/new_zealand/173.html
2018-03-28 15:30:06 http://www.rruu.com/new_zealand/173.html
2018-03-28 15:30:06 http://www.rruu.com/new_zealand/181.html
2018-03-28 15:30:06 http://www.rruu.com/new_zealand/1015.html
2018-03-28 15:30:06 http://www.rruu.com/new_zealand/185.html
2018-03-28 15:30:06 http://www.rruu.com/new_zealand/2437.html
2018-03-28 15:30:06 http://www.rruu.com/france/3348.html
2018-03-28 15:30:06 http://www.rruu.com/new_zealand/978.html
2018-03-28 15:30:06 http://www.rruu.com/new_zealand/181.html
2018-03-28 15:30:06 http://www.rruu.com/usa/3581.html
2018-03-28 15:30:06 http://www.rruu.com/new_zealand/3797.html
2018-03-28 15:30:06 http://www.rruu.com/new_zealand/1081.html
2018-03-28 15:30:13 http://www.rruu.com/new_zealand/181.html
2018-03-28 15:30:13 http://www.rruu.com/new_zealand/173.html
2018-03-28 15:30:13 http://www.rruu.com/new_zealand/2437.html
2018-03-28 15:30:13 http://www.rruu.com/new_zealand/185.html
2018-03-28 15:30:13 http://www.rruu.com/new_zealand/173.html
2018-03-28 15:30:13 http://www.rruu.com/new_zealand/181.html
2018-03-28 15:30:13 http://www.rruu.com/new_zealand/1015.html
2018-03-28 15:30:13 http://www.rruu.com/new_zealand/185.html
2018-03-28 15:30:13 http://www.rruu.com/new_zealand/2437.html
2018-03-28 15:30:13 http://www.rruu.com/france/3348.html
2018-03-28 15:30:13 http://www.rruu.com/new_zealand/978.html
2018-03-28 15:30:13 http://www.rruu.com/new_zealand/181.html
2018-03-28 15:30:13 http://www.rruu.com/usa/3581.html
2018-03-28 15:30:13 http://www.rruu.com/new_zealand/3797.html
2018-03-28 15:30:13 http://www.rruu.com/new_zealand/1015.html
2018-03-28 15:30:20 http://www.rruu.com/usa/3218.html
2018-03-28 15:30:20 http://www.rruu.com/usa/3227.html
2018-03-28 15:30:20 http://www.rruu.com/usa/1222.html
2018-03-28 15:30:20 http://www.rruu.com/usa/1677.html
2018-03-28 15:30:20 http://www.rruu.com/usa/4415.html
2018-03-28 15:30:20 http://www.rruu.com/usa/3218.html
2018-03-28 15:30:20 http://www.rruu.com/usa/2939.html
2018-03-28 15:30:20 http://www.rruu.com/usa/1677.html
2018-03-28 15:30:20 http://www.rruu.com/usa/2137.html
2018-03-28 15:30:20 http://www.rruu.com/france/3348.html
2018-03-28 15:30:20 http://www.rruu.com/new_zealand/978.html
2018-03-28 15:30:20 http://www.rruu.com/new_zealand/181.html
2018-03-28 15:30:20 http://www.rruu.com/usa/3581.html
2018-03-28 15:30:20 http://www.rruu.com/new_zealand/3797.html
2018-03-28 15:30:20 http://www.rruu.com/usa/4415.html
2018-03-28 15:30:26 http://www.rruu.com/usa/2943.html
2018-03-28 15:30:26 http://www.rruu.com/usa/4415.html
2018-03-28 15:30:26 http://www.rruu.com/usa/3218.html
2018-03-28 15:30:26 http://www.rruu.com/usa/3581.html
2018-03-28 15:30:26 http://www.rruu.com/usa/4415.html
2018-03-28 15:30:26 http://www.rruu.com/usa/3218.html
2018-03-28 15:30:26 http://www.rruu.com/usa/2939.html
2018-03-28 15:30:26 http://www.rruu.com/usa/1677.html
2018-03-28 15:30:26 http://www.rruu.com/usa/2137.html
2018-03-28 15:30:26 http://www.rruu.com/france/3348.html
2018-03-28 15:30:26 http://www.rruu.com/new_zealand/978.html
2018-03-28 15:30:26 http://www.rruu.com/new_zealand/181.html
2018-03-28 15:30:26 http://www.rruu.com/usa/3581.html
2018-03-28 15:30:26 http://www.rruu.com/new_zealand/3797.html
2018-03-28 15:30:26 http://www.rruu.com/usa/3145.html
2018-03-28 15:30:32 http://www.rruu.com/new_zealand/181.html
2018-03-28 15:30:32 http://www.rruu.com/new_zealand/2992.html
2018-03-28 15:30:32 http://www.rruu.com/new_zealand/3797.html
2018-03-28 15:30:32 http://www.rruu.com/new_zealand/173.html
2018-03-28 15:30:32 http://www.rruu.com/new_zealand/2976.html
2018-03-28 15:30:32 http://www.rruu.com/new_zealand/121.html
2018-03-28 15:30:32 http://www.rruu.com/new_zealand/185.html
2018-03-28 15:30:32 http://www.rruu.com/new_zealand/978.html
2018-03-28 15:30:32 http://www.rruu.com/new_zealand/118.html
2018-03-28 15:30:32 http://www.rruu.com/new_zealand/814.html
2018-03-28 15:30:32 http://www.rruu.com/new_zealand/779.html
2018-03-28 15:30:32 http://www.rruu.com/new_zealand/1081.html
2018-03-28 15:30:32 http://www.rruu.com/new_zealand/1169.html
2018-03-28 15:30:32 http://www.rruu.com/new_zealand/2437.html
2018-03-28 15:30:32 http://www.rruu.com/new_zealand/3018.html
2018-03-28 15:30:32 http://www.rruu.com/new_zealand/874.html
2018-03-28 15:30:32 http://www.rruu.com/new_zealand/176.html
2018-03-28 15:30:32 http://www.rruu.com/new_zealand/1077.html
2018-03-28 15:30:32 http://www.rruu.com/new_zealand/1015.html
2018-03-28 15:30:32 http://www.rruu.com/new_zealand/3681.html
2018-03-28 15:30:32 http://www.rruu.com/new_zealand/1114.html
2018-03-28 15:30:32 http://www.rruu.com/new_zealand/781.html
2018-03-28 15:30:32 http://www.rruu.com/new_zealand/825.html
2018-03-28 15:30:32 http://www.rruu.com/new_zealand/127.html
2018-03-28 15:30:32 http://www.rruu.com/new_zealand/4241.html
2018-03-28 15:30:32 http://www.rruu.com/new_zealand/855.html
2018-03-28 15:30:32 http://www.rruu.com/new_zealand/136.html
2018-03-28 15:30:32 http://www.rruu.com/new_zealand/833.html
2018-03-28 15:30:32 http://www.rruu.com/saleslist/91.html
2018-03-28 15:30:39 http://www.rruu.com/usa/1800.html
2018-03-28 15:30:39 http://www.rruu.com/usa/2935.html
2018-03-28 15:30:39 http://www.rruu.com/usa/3538.html
2018-03-28 15:30:39 http://www.rruu.com/usa/2146.html
2018-03-28 15:30:39 http://www.rruu.com/usa/4415.html
2018-03-28 15:30:39 http://www.rruu.com/usa/3218.html
2018-03-28 15:30:39 http://www.rruu.com/usa/2939.html
2018-03-28 15:30:39 http://www.rruu.com/usa/1677.html
2018-03-28 15:30:39 http://www.rruu.com/usa/2137.html
2018-03-28 15:30:39 http://www.rruu.com/france/3348.html
2018-03-28 15:30:39 http://www.rruu.com/new_zealand/978.html
2018-03-28 15:30:39 http://www.rruu.com/new_zealand/181.html
2018-03-28 15:30:39 http://www.rruu.com/usa/3581.html
2018-03-28 15:30:39 http://www.rruu.com/new_zealand/3797.html
2018-03-28 15:30:39 http://www.rruu.com/usa/1340.html
2018-03-28 15:30:45 http://www.rruu.com/usa/4415.html
2018-03-28 15:30:45 http://www.rruu.com/usa/1677.html
2018-03-28 15:30:45 http://www.rruu.com/usa/4417.html
2018-03-28 15:30:45 http://www.rruu.com/usa/2138.html
2018-03-28 15:30:45 http://www.rruu.com/usa/4415.html
2018-03-28 15:30:45 http://www.rruu.com/usa/3218.html
2018-03-28 15:30:45 http://www.rruu.com/usa/2939.html
2018-03-28 15:30:45 http://www.rruu.com/usa/1677.html
2018-03-28 15:30:45 http://www.rruu.com/usa/2137.html
2018-03-28 15:30:45 http://www.rruu.com/france/3348.html
2018-03-28 15:30:45 http://www.rruu.com/new_zealand/978.html
2018-03-28 15:30:45 http://www.rruu.com/new_zealand/181.html
2018-03-28 15:30:45 http://www.rruu.com/usa/3581.html
2018-03-28 15:30:45 http://www.rruu.com/new_zealand/3797.html
2018-03-28 15:30:45 http://www.rruu.com/usa/3218.html
2018-03-28 15:30:51 http://www.rruu.com/usa/3218.html
2018-03-28 15:30:51 http://www.rruu.com/usa/5129.html
2018-03-28 15:30:51 http://www.rruu.com/usa/4415.html
2018-03-28 15:30:51 http://www.rruu.com/usa/2138.html
2018-03-28 15:30:51 http://www.rruu.com/usa/4415.html
2018-03-28 15:30:51 http://www.rruu.com/usa/3218.html
2018-03-28 15:30:51 http://www.rruu.com/usa/2939.html
2018-03-28 15:30:51 http://www.rruu.com/usa/1677.html
2018-03-28 15:30:51 http://www.rruu.com/usa/2137.html
2018-03-28 15:30:51 http://www.rruu.com/france/3348.html
2018-03-28 15:30:51 http://www.rruu.com/new_zealand/978.html
2018-03-28 15:30:51 http://www.rruu.com/new_zealand/181.html
2018-03-28 15:30:51 http://www.rruu.com/usa/3581.html
2018-03-28 15:30:51 http://www.rruu.com/new_zealand/3797.html
2018-03-28 15:30:51 http://www.rruu.com/usa/2939.html
2018-03-28 15:30:57 http://www.rruu.com/usa/3218.html
2018-03-28 15:30:57 http://www.rruu.com/usa/4415.html
2018-03-28 15:30:57 http://www.rruu.com/usa/3227.html
2018-03-28 15:30:57 http://www.rruu.com/usa/4412.html
2018-03-28 15:30:57 http://www.rruu.com/usa/4415.html
2018-03-28 15:30:57 http://www.rruu.com/usa/3218.html
2018-03-28 15:30:57 http://www.rruu.com/usa/2939.html
2018-03-28 15:30:57 http://www.rruu.com/usa/1677.html
2018-03-28 15:30:57 http://www.rruu.com/usa/2137.html
2018-03-28 15:30:57 http://www.rruu.com/france/3348.html
2018-03-28 15:30:57 http://www.rruu.com/new_zealand/978.html
2018-03-28 15:30:57 http://www.rruu.com/new_zealand/181.html
2018-03-28 15:30:57 http://www.rruu.com/usa/3581.html
2018-03-28 15:30:57 http://www.rruu.com/new_zealand/3797.html
2018-03-28 15:30:57 http://www.rruu.com/usa/1677.html
2018-03-28 15:31:03 http://www.rruu.com/usa/2138.html
2018-03-28 15:31:03 http://www.rruu.com/usa/1222.html
2018-03-28 15:31:03 http://www.rruu.com/usa/4415.html
2018-03-28 15:31:03 http://www.rruu.com/usa/1221.html
2018-03-28 15:31:03 http://www.rruu.com/usa/4415.html
2018-03-28 15:31:03 http://www.rruu.com/usa/3218.html
2018-03-28 15:31:03 http://www.rruu.com/usa/2939.html
2018-03-28 15:31:03 http://www.rruu.com/usa/1677.html
2018-03-28 15:31:03 http://www.rruu.com/usa/2137.html
2018-03-28 15:31:03 http://www.rruu.com/france/3348.html
2018-03-28 15:31:03 http://www.rruu.com/new_zealand/978.html
2018-03-28 15:31:03 http://www.rruu.com/new_zealand/181.html
2018-03-28 15:31:03 http://www.rruu.com/usa/3581.html
2018-03-28 15:31:03 http://www.rruu.com/new_zealand/3797.html
2018-03-28 15:31:03 http://www.rruu.com/usa/2137.html
2018-03-28 15:31:11 http://www.rruu.com/new_zealand/181.html
2018-03-28 15:31:11 http://www.rruu.com/new_zealand/118.html
2018-03-28 15:31:11 http://www.rruu.com/new_zealand/173.html
2018-03-28 15:31:11 http://www.rruu.com/new_zealand/814.html
2018-03-28 15:31:11 http://www.rruu.com/new_zealand/121.html
2018-03-28 15:31:11 http://www.rruu.com/new_zealand/118.html
2018-03-28 15:31:11 http://www.rruu.com/new_zealand/814.html
2018-03-28 15:31:11 http://www.rruu.com/new_zealand/3797.html
2018-03-28 15:31:11 http://www.rruu.com/new_zealand/140.html
2018-03-28 15:31:11 http://www.rruu.com/france/3348.html
2018-03-28 15:31:11 http://www.rruu.com/new_zealand/978.html
2018-03-28 15:31:11 http://www.rruu.com/new_zealand/181.html
2018-03-28 15:31:11 http://www.rruu.com/usa/3581.html
2018-03-28 15:31:11 http://www.rruu.com/new_zealand/3797.html
2018-03-28 15:31:11 http://www.rruu.com/new_zealand/121.html
2018-03-28 15:31:18 http://www.rruu.com/new_zealand/181.html
2018-03-28 15:31:18 http://www.rruu.com/new_zealand/173.html
2018-03-28 15:31:18 http://www.rruu.com/new_zealand/1114.html
2018-03-28 15:31:18 http://www.rruu.com/new_zealand/4528.html
2018-03-28 15:31:18 http://www.rruu.com/new_zealand/105.html
2018-03-28 15:31:18 http://www.rruu.com/new_zealand/4830.html
2018-03-28 15:31:18 http://www.rruu.com/new_zealand/1006.html
2018-03-28 15:31:18 http://www.rruu.com/new_zealand/1114.html
2018-03-28 15:31:18 http://www.rruu.com/new_zealand/1169.html
2018-03-28 15:31:18 http://www.rruu.com/france/3348.html
2018-03-28 15:31:18 http://www.rruu.com/new_zealand/978.html
2018-03-28 15:31:18 http://www.rruu.com/new_zealand/181.html
2018-03-28 15:31:18 http://www.rruu.com/usa/3581.html
2018-03-28 15:31:18 http://www.rruu.com/new_zealand/3797.html
2018-03-28 15:31:18 http://www.rruu.com/new_zealand/1169.html
2018-03-28 15:31:24 http://www.rruu.com/new_zealand/121.html
2018-03-28 15:31:24 http://www.rruu.com/new_zealand/181.html
2018-03-28 15:31:24 http://www.rruu.com/new_zealand/814.html
2018-03-28 15:31:24 http://www.rruu.com/new_zealand/173.html
2018-03-28 15:31:24 http://www.rruu.com/saleslist/106.html
2018-03-28 15:31:24 http://www.rruu.com/saleslist/105.html
2018-03-28 15:31:24 http://www.rruu.com/new_zealand/121.html
2018-03-28 15:31:24 http://www.rruu.com/new_zealand/118.html
2018-03-28 15:31:24 http://www.rruu.com/new_zealand/814.html
2018-03-28 15:31:24 http://www.rruu.com/new_zealand/3797.html
2018-03-28 15:31:24 http://www.rruu.com/new_zealand/140.html
2018-03-28 15:31:24 http://www.rruu.com/france/3348.html
2018-03-28 15:31:24 http://www.rruu.com/new_zealand/978.html
2018-03-28 15:31:24 http://www.rruu.com/new_zealand/181.html
2018-03-28 15:31:24 http://www.rruu.com/usa/3581.html
2018-03-28 15:31:24 http://www.rruu.com/new_zealand/3797.html
2018-03-28 15:31:24 http://www.rruu.com/new_zealand/118.html
2018-03-28 15:31:31 http://www.rruu.com/new_zealand/181.html
2018-03-28 15:31:31 http://www.rruu.com/new_zealand/121.html
2018-03-28 15:31:31 http://www.rruu.com/new_zealand/118.html
2018-03-28 15:31:31 http://www.rruu.com/new_zealand/173.html
2018-03-28 15:31:31 http://www.rruu.com/new_zealand/121.html
2018-03-28 15:31:31 http://www.rruu.com/new_zealand/118.html
2018-03-28 15:31:31 http://www.rruu.com/new_zealand/814.html
2018-03-28 15:31:31 http://www.rruu.com/new_zealand/3797.html
2018-03-28 15:31:31 http://www.rruu.com/new_zealand/140.html
2018-03-28 15:31:31 http://www.rruu.com/france/3348.html
2018-03-28 15:31:31 http://www.rruu.com/new_zealand/978.html
2018-03-28 15:31:31 http://www.rruu.com/new_zealand/181.html
2018-03-28 15:31:31 http://www.rruu.com/usa/3581.html
2018-03-28 15:31:31 http://www.rruu.com/new_zealand/3797.html
2018-03-28 15:31:31 http://www.rruu.com/new_zealand/814.html
2018-03-28 15:31:38 http://www.rruu.com/new_zealand/181.html
2018-03-28 15:31:38 http://www.rruu.com/new_zealand/814.html
2018-03-28 15:31:38 http://www.rruu.com/new_zealand/121.html
2018-03-28 15:31:38 http://www.rruu.com/new_zealand/173.html
2018-03-28 15:31:38 http://www.rruu.com/new_zealand/121.html
2018-03-28 15:31:38 http://www.rruu.com/new_zealand/118.html
2018-03-28 15:31:38 http://www.rruu.com/new_zealand/814.html
2018-03-28 15:31:38 http://www.rruu.com/new_zealand/3797.html
2018-03-28 15:31:38 http://www.rruu.com/new_zealand/140.html
2018-03-28 15:31:38 http://www.rruu.com/france/3348.html
2018-03-28 15:31:38 http://www.rruu.com/new_zealand/978.html
2018-03-28 15:31:38 http://www.rruu.com/new_zealand/181.html
2018-03-28 15:31:38 http://www.rruu.com/usa/3581.html
2018-03-28 15:31:38 http://www.rruu.com/new_zealand/3797.html
2018-03-28 15:31:38 http://www.rruu.com/new_zealand/140.html
