2018-03-27 17:36:33 发生异常
java.lang.NullPointerException: null
	at com.lenovo.spider.SpiderContextNew.createSpider(SpiderContextNew.java:135) ~[classes/:?]
	at com.lenovo.spider.SpiderContextNew.loopTryStartSpider(SpiderContextNew.java:106) [classes/:?]
	at com.lenovo.spider.SpiderContextNew.main(SpiderContextNew.java:57) [classes/:?]
2018-03-27 17:46:59 null
com.lenovo.exception.NetException: null
	at com.lenovo.spider.interfaces.ConfigInterface.check(ConfigInterface.java:53) [classes/:?]
	at com.lenovo.spider.interfaces.ConfigInterface.selectPageHandler(ConfigInterface.java:190) [classes/:?]
	at com.lenovo.spider.SpiderContextNew.createSpider(SpiderContextNew.java:196) [classes/:?]
	at com.lenovo.spider.SpiderContextNew.loopTryStartSpider(SpiderContextNew.java:109) [classes/:?]
	at com.lenovo.spider.SpiderContextNew.main(SpiderContextNew.java:57) [classes/:?]
2018-03-27 17:47:00 发生异常
com.lenovo.exception.NetException: null
	at com.lenovo.spider.interfaces.ConfigInterface.check(ConfigInterface.java:54) ~[classes/:?]
	at com.lenovo.spider.interfaces.ConfigInterface.selectPageHandler(ConfigInterface.java:190) ~[classes/:?]
	at com.lenovo.spider.SpiderContextNew.createSpider(SpiderContextNew.java:196) ~[classes/:?]
	at com.lenovo.spider.SpiderContextNew.loopTryStartSpider(SpiderContextNew.java:109) [classes/:?]
	at com.lenovo.spider.SpiderContextNew.main(SpiderContextNew.java:57) [classes/:?]
2018-03-27 17:48:15 null
com.lenovo.exception.NetException: null
	at com.lenovo.spider.interfaces.ConfigInterface.check(ConfigInterface.java:53) ~[classes/:?]
	at com.lenovo.spider.interfaces.ConfigInterface.uploadCrawlerInfo(ConfigInterface.java:256) ~[classes/:?]
	at com.lenovo.spider.CachePipline.lambda$1(CachePipline.java:148) ~[classes/:?]
	at java.util.concurrent.Executors$RunnableAdapter.call(Executors.java:511) [?:1.8.0_121]
	at java.util.concurrent.FutureTask.run(FutureTask.java:266) [?:1.8.0_121]
	at java.util.concurrent.ScheduledThreadPoolExecutor$ScheduledFutureTask.access$201(ScheduledThreadPoolExecutor.java:180) [?:1.8.0_121]
	at java.util.concurrent.ScheduledThreadPoolExecutor$ScheduledFutureTask.run(ScheduledThreadPoolExecutor.java:293) [?:1.8.0_121]
	at java.util.concurrent.ThreadPoolExecutor.runWorker(ThreadPoolExecutor.java:1142) [?:1.8.0_121]
	at java.util.concurrent.ThreadPoolExecutor$Worker.run(ThreadPoolExecutor.java:617) [?:1.8.0_121]
	at java.lang.Thread.run(Thread.java:745) [?:1.8.0_121]
2018-03-27 17:48:16 null
com.lenovo.exception.NetException: null
	at com.lenovo.spider.interfaces.ConfigInterface.check(ConfigInterface.java:53) ~[classes/:?]
	at com.lenovo.spider.interfaces.ConfigInterface.uploadCrawlerInfo(ConfigInterface.java:256) ~[classes/:?]
	at com.lenovo.spider.CachePipline.lambda$1(CachePipline.java:148) ~[classes/:?]
	at java.util.concurrent.Executors$RunnableAdapter.call(Executors.java:511) [?:1.8.0_121]
	at java.util.concurrent.FutureTask.run(FutureTask.java:266) [?:1.8.0_121]
	at java.util.concurrent.ScheduledThreadPoolExecutor$ScheduledFutureTask.access$201(ScheduledThreadPoolExecutor.java:180) [?:1.8.0_121]
	at java.util.concurrent.ScheduledThreadPoolExecutor$ScheduledFutureTask.run(ScheduledThreadPoolExecutor.java:293) [?:1.8.0_121]
	at java.util.concurrent.ThreadPoolExecutor.runWorker(ThreadPoolExecutor.java:1142) [?:1.8.0_121]
	at java.util.concurrent.ThreadPoolExecutor$Worker.run(ThreadPoolExecutor.java:617) [?:1.8.0_121]
	at java.lang.Thread.run(Thread.java:745) [?:1.8.0_121]
2018-03-27 17:48:17 null
com.lenovo.exception.NetException: null
	at com.lenovo.spider.interfaces.ConfigInterface.check(ConfigInterface.java:53) ~[classes/:?]
	at com.lenovo.spider.interfaces.ConfigInterface.uploadCrawlerInfo(ConfigInterface.java:256) ~[classes/:?]
	at com.lenovo.spider.CachePipline.lambda$1(CachePipline.java:148) ~[classes/:?]
	at java.util.concurrent.Executors$RunnableAdapter.call(Executors.java:511) [?:1.8.0_121]
	at java.util.concurrent.FutureTask.run(FutureTask.java:266) [?:1.8.0_121]
	at java.util.concurrent.ScheduledThreadPoolExecutor$ScheduledFutureTask.access$201(ScheduledThreadPoolExecutor.java:180) [?:1.8.0_121]
	at java.util.concurrent.ScheduledThreadPoolExecutor$ScheduledFutureTask.run(ScheduledThreadPoolExecutor.java:293) [?:1.8.0_121]
	at java.util.concurrent.ThreadPoolExecutor.runWorker(ThreadPoolExecutor.java:1142) [?:1.8.0_121]
	at java.util.concurrent.ThreadPoolExecutor$Worker.run(ThreadPoolExecutor.java:617) [?:1.8.0_121]
	at java.lang.Thread.run(Thread.java:745) [?:1.8.0_121]
2018-03-27 17:48:18 null
com.lenovo.exception.NetException: null
	at com.lenovo.spider.interfaces.ConfigInterface.check(ConfigInterface.java:53) ~[classes/:?]
	at com.lenovo.spider.interfaces.ConfigInterface.uploadCrawlerInfo(ConfigInterface.java:256) ~[classes/:?]
	at com.lenovo.spider.CachePipline.lambda$1(CachePipline.java:148) ~[classes/:?]
	at java.util.concurrent.Executors$RunnableAdapter.call(Executors.java:511) [?:1.8.0_121]
	at java.util.concurrent.FutureTask.run(FutureTask.java:266) [?:1.8.0_121]
	at java.util.concurrent.ScheduledThreadPoolExecutor$ScheduledFutureTask.access$201(ScheduledThreadPoolExecutor.java:180) [?:1.8.0_121]
	at java.util.concurrent.ScheduledThreadPoolExecutor$ScheduledFutureTask.run(ScheduledThreadPoolExecutor.java:293) [?:1.8.0_121]
	at java.util.concurrent.ThreadPoolExecutor.runWorker(ThreadPoolExecutor.java:1142) [?:1.8.0_121]
	at java.util.concurrent.ThreadPoolExecutor$Worker.run(ThreadPoolExecutor.java:617) [?:1.8.0_121]
	at java.lang.Thread.run(Thread.java:745) [?:1.8.0_121]
2018-03-27 17:48:19 null
com.lenovo.exception.NetException: null
	at com.lenovo.spider.interfaces.ConfigInterface.check(ConfigInterface.java:53) ~[classes/:?]
	at com.lenovo.spider.interfaces.ConfigInterface.uploadCrawlerInfo(ConfigInterface.java:256) ~[classes/:?]
	at com.lenovo.spider.CachePipline.lambda$1(CachePipline.java:148) ~[classes/:?]
	at java.util.concurrent.Executors$RunnableAdapter.call(Executors.java:511) [?:1.8.0_121]
	at java.util.concurrent.FutureTask.run(FutureTask.java:266) [?:1.8.0_121]
	at java.util.concurrent.ScheduledThreadPoolExecutor$ScheduledFutureTask.access$201(ScheduledThreadPoolExecutor.java:180) [?:1.8.0_121]
	at java.util.concurrent.ScheduledThreadPoolExecutor$ScheduledFutureTask.run(ScheduledThreadPoolExecutor.java:293) [?:1.8.0_121]
	at java.util.concurrent.ThreadPoolExecutor.runWorker(ThreadPoolExecutor.java:1142) [?:1.8.0_121]
	at java.util.concurrent.ThreadPoolExecutor$Worker.run(ThreadPoolExecutor.java:617) [?:1.8.0_121]
	at java.lang.Thread.run(Thread.java:745) [?:1.8.0_121]
2018-03-27 17:48:21 null
com.lenovo.exception.NetException: null
	at com.lenovo.spider.interfaces.ConfigInterface.check(ConfigInterface.java:53) ~[classes/:?]
	at com.lenovo.spider.interfaces.ConfigInterface.uploadCrawlerInfo(ConfigInterface.java:256) ~[classes/:?]
	at com.lenovo.spider.CachePipline.lambda$1(CachePipline.java:148) ~[classes/:?]
	at java.util.concurrent.Executors$RunnableAdapter.call(Executors.java:511) [?:1.8.0_121]
	at java.util.concurrent.FutureTask.run(FutureTask.java:266) [?:1.8.0_121]
	at java.util.concurrent.ScheduledThreadPoolExecutor$ScheduledFutureTask.access$201(ScheduledThreadPoolExecutor.java:180) [?:1.8.0_121]
	at java.util.concurrent.ScheduledThreadPoolExecutor$ScheduledFutureTask.run(ScheduledThreadPoolExecutor.java:293) [?:1.8.0_121]
	at java.util.concurrent.ThreadPoolExecutor.runWorker(ThreadPoolExecutor.java:1142) [?:1.8.0_121]
	at java.util.concurrent.ThreadPoolExecutor$Worker.run(ThreadPoolExecutor.java:617) [?:1.8.0_121]
	at java.lang.Thread.run(Thread.java:745) [?:1.8.0_121]
2018-03-27 17:48:22 null
com.lenovo.exception.NetException: null
	at com.lenovo.spider.interfaces.ConfigInterface.check(ConfigInterface.java:53) ~[classes/:?]
	at com.lenovo.spider.interfaces.ConfigInterface.uploadCrawlerInfo(ConfigInterface.java:256) ~[classes/:?]
	at com.lenovo.spider.CachePipline.lambda$1(CachePipline.java:148) ~[classes/:?]
	at java.util.concurrent.Executors$RunnableAdapter.call(Executors.java:511) [?:1.8.0_121]
	at java.util.concurrent.FutureTask.run(FutureTask.java:266) [?:1.8.0_121]
	at java.util.concurrent.ScheduledThreadPoolExecutor$ScheduledFutureTask.access$201(ScheduledThreadPoolExecutor.java:180) [?:1.8.0_121]
	at java.util.concurrent.ScheduledThreadPoolExecutor$ScheduledFutureTask.run(ScheduledThreadPoolExecutor.java:293) [?:1.8.0_121]
	at java.util.concurrent.ThreadPoolExecutor.runWorker(ThreadPoolExecutor.java:1142) [?:1.8.0_121]
	at java.util.concurrent.ThreadPoolExecutor$Worker.run(ThreadPoolExecutor.java:617) [?:1.8.0_121]
	at java.lang.Thread.run(Thread.java:745) [?:1.8.0_121]
2018-03-27 17:48:23 null
com.lenovo.exception.NetException: null
	at com.lenovo.spider.interfaces.ConfigInterface.check(ConfigInterface.java:53) ~[classes/:?]
	at com.lenovo.spider.interfaces.ConfigInterface.uploadCrawlerInfo(ConfigInterface.java:256) ~[classes/:?]
	at com.lenovo.spider.CachePipline.lambda$1(CachePipline.java:148) ~[classes/:?]
	at java.util.concurrent.Executors$RunnableAdapter.call(Executors.java:511) [?:1.8.0_121]
	at java.util.concurrent.FutureTask.run(FutureTask.java:266) [?:1.8.0_121]
	at java.util.concurrent.ScheduledThreadPoolExecutor$ScheduledFutureTask.access$201(ScheduledThreadPoolExecutor.java:180) [?:1.8.0_121]
	at java.util.concurrent.ScheduledThreadPoolExecutor$ScheduledFutureTask.run(ScheduledThreadPoolExecutor.java:293) [?:1.8.0_121]
	at java.util.concurrent.ThreadPoolExecutor.runWorker(ThreadPoolExecutor.java:1142) [?:1.8.0_121]
	at java.util.concurrent.ThreadPoolExecutor$Worker.run(ThreadPoolExecutor.java:617) [?:1.8.0_121]
	at java.lang.Thread.run(Thread.java:745) [?:1.8.0_121]
2018-03-27 17:48:24 null
com.lenovo.exception.NetException: null
	at com.lenovo.spider.interfaces.ConfigInterface.check(ConfigInterface.java:53) ~[classes/:?]
	at com.lenovo.spider.interfaces.ConfigInterface.uploadCrawlerInfo(ConfigInterface.java:256) ~[classes/:?]
	at com.lenovo.spider.CachePipline.lambda$1(CachePipline.java:148) ~[classes/:?]
	at java.util.concurrent.Executors$RunnableAdapter.call(Executors.java:511) [?:1.8.0_121]
	at java.util.concurrent.FutureTask.run(FutureTask.java:266) [?:1.8.0_121]
	at java.util.concurrent.ScheduledThreadPoolExecutor$ScheduledFutureTask.access$201(ScheduledThreadPoolExecutor.java:180) [?:1.8.0_121]
	at java.util.concurrent.ScheduledThreadPoolExecutor$ScheduledFutureTask.run(ScheduledThreadPoolExecutor.java:293) [?:1.8.0_121]
	at java.util.concurrent.ThreadPoolExecutor.runWorker(ThreadPoolExecutor.java:1142) [?:1.8.0_121]
	at java.util.concurrent.ThreadPoolExecutor$Worker.run(ThreadPoolExecutor.java:617) [?:1.8.0_121]
	at java.lang.Thread.run(Thread.java:745) [?:1.8.0_121]
2018-03-27 17:48:25 null
com.lenovo.exception.NetException: null
	at com.lenovo.spider.interfaces.ConfigInterface.check(ConfigInterface.java:53) ~[classes/:?]
	at com.lenovo.spider.interfaces.ConfigInterface.uploadCrawlerInfo(ConfigInterface.java:256) ~[classes/:?]
	at com.lenovo.spider.CachePipline.lambda$1(CachePipline.java:148) ~[classes/:?]
	at java.util.concurrent.Executors$RunnableAdapter.call(Executors.java:511) [?:1.8.0_121]
	at java.util.concurrent.FutureTask.run(FutureTask.java:266) [?:1.8.0_121]
	at java.util.concurrent.ScheduledThreadPoolExecutor$ScheduledFutureTask.access$201(ScheduledThreadPoolExecutor.java:180) [?:1.8.0_121]
	at java.util.concurrent.ScheduledThreadPoolExecutor$ScheduledFutureTask.run(ScheduledThreadPoolExecutor.java:293) [?:1.8.0_121]
	at java.util.concurrent.ThreadPoolExecutor.runWorker(ThreadPoolExecutor.java:1142) [?:1.8.0_121]
	at java.util.concurrent.ThreadPoolExecutor$Worker.run(ThreadPoolExecutor.java:617) [?:1.8.0_121]
	at java.lang.Thread.run(Thread.java:745) [?:1.8.0_121]
2018-03-27 17:48:26 null
com.lenovo.exception.NetException: null
	at com.lenovo.spider.interfaces.ConfigInterface.check(ConfigInterface.java:53) ~[classes/:?]
	at com.lenovo.spider.interfaces.ConfigInterface.uploadCrawlerInfo(ConfigInterface.java:256) ~[classes/:?]
	at com.lenovo.spider.CachePipline.lambda$1(CachePipline.java:148) ~[classes/:?]
	at java.util.concurrent.Executors$RunnableAdapter.call(Executors.java:511) [?:1.8.0_121]
	at java.util.concurrent.FutureTask.run(FutureTask.java:266) [?:1.8.0_121]
	at java.util.concurrent.ScheduledThreadPoolExecutor$ScheduledFutureTask.access$201(ScheduledThreadPoolExecutor.java:180) [?:1.8.0_121]
	at java.util.concurrent.ScheduledThreadPoolExecutor$ScheduledFutureTask.run(ScheduledThreadPoolExecutor.java:293) [?:1.8.0_121]
	at java.util.concurrent.ThreadPoolExecutor.runWorker(ThreadPoolExecutor.java:1142) [?:1.8.0_121]
	at java.util.concurrent.ThreadPoolExecutor$Worker.run(ThreadPoolExecutor.java:617) [?:1.8.0_121]
	at java.lang.Thread.run(Thread.java:745) [?:1.8.0_121]
2018-03-27 17:48:27 null
com.lenovo.exception.NetException: null
	at com.lenovo.spider.interfaces.ConfigInterface.check(ConfigInterface.java:53) ~[classes/:?]
	at com.lenovo.spider.interfaces.ConfigInterface.uploadCrawlerInfo(ConfigInterface.java:256) ~[classes/:?]
	at com.lenovo.spider.CachePipline.lambda$1(CachePipline.java:148) ~[classes/:?]
	at java.util.concurrent.Executors$RunnableAdapter.call(Executors.java:511) [?:1.8.0_121]
	at java.util.concurrent.FutureTask.run(FutureTask.java:266) [?:1.8.0_121]
	at java.util.concurrent.ScheduledThreadPoolExecutor$ScheduledFutureTask.access$201(ScheduledThreadPoolExecutor.java:180) [?:1.8.0_121]
	at java.util.concurrent.ScheduledThreadPoolExecutor$ScheduledFutureTask.run(ScheduledThreadPoolExecutor.java:293) [?:1.8.0_121]
	at java.util.concurrent.ThreadPoolExecutor.runWorker(ThreadPoolExecutor.java:1142) [?:1.8.0_121]
	at java.util.concurrent.ThreadPoolExecutor$Worker.run(ThreadPoolExecutor.java:617) [?:1.8.0_121]
	at java.lang.Thread.run(Thread.java:745) [?:1.8.0_121]
2018-03-27 17:48:28 null
com.lenovo.exception.NetException: null
	at com.lenovo.spider.interfaces.ConfigInterface.check(ConfigInterface.java:53) ~[classes/:?]
	at com.lenovo.spider.interfaces.ConfigInterface.uploadCrawlerInfo(ConfigInterface.java:256) ~[classes/:?]
	at com.lenovo.spider.CachePipline.lambda$1(CachePipline.java:148) ~[classes/:?]
	at java.util.concurrent.Executors$RunnableAdapter.call(Executors.java:511) [?:1.8.0_121]
	at java.util.concurrent.FutureTask.run(FutureTask.java:266) [?:1.8.0_121]
	at java.util.concurrent.ScheduledThreadPoolExecutor$ScheduledFutureTask.access$201(ScheduledThreadPoolExecutor.java:180) [?:1.8.0_121]
	at java.util.concurrent.ScheduledThreadPoolExecutor$ScheduledFutureTask.run(ScheduledThreadPoolExecutor.java:293) [?:1.8.0_121]
	at java.util.concurrent.ThreadPoolExecutor.runWorker(ThreadPoolExecutor.java:1142) [?:1.8.0_121]
	at java.util.concurrent.ThreadPoolExecutor$Worker.run(ThreadPoolExecutor.java:617) [?:1.8.0_121]
	at java.lang.Thread.run(Thread.java:745) [?:1.8.0_121]
2018-03-27 17:48:29 null
com.lenovo.exception.NetException: null
	at com.lenovo.spider.interfaces.ConfigInterface.check(ConfigInterface.java:53) ~[classes/:?]
	at com.lenovo.spider.interfaces.ConfigInterface.uploadCrawlerInfo(ConfigInterface.java:256) ~[classes/:?]
	at com.lenovo.spider.CachePipline.lambda$1(CachePipline.java:148) ~[classes/:?]
	at java.util.concurrent.Executors$RunnableAdapter.call(Executors.java:511) [?:1.8.0_121]
	at java.util.concurrent.FutureTask.run(FutureTask.java:266) [?:1.8.0_121]
	at java.util.concurrent.ScheduledThreadPoolExecutor$ScheduledFutureTask.access$201(ScheduledThreadPoolExecutor.java:180) [?:1.8.0_121]
	at java.util.concurrent.ScheduledThreadPoolExecutor$ScheduledFutureTask.run(ScheduledThreadPoolExecutor.java:293) [?:1.8.0_121]
	at java.util.concurrent.ThreadPoolExecutor.runWorker(ThreadPoolExecutor.java:1142) [?:1.8.0_121]
	at java.util.concurrent.ThreadPoolExecutor$Worker.run(ThreadPoolExecutor.java:617) [?:1.8.0_121]
	at java.lang.Thread.run(Thread.java:745) [?:1.8.0_121]
2018-03-27 17:48:30 null
com.lenovo.exception.NetException: null
	at com.lenovo.spider.interfaces.ConfigInterface.check(ConfigInterface.java:53) ~[classes/:?]
	at com.lenovo.spider.interfaces.ConfigInterface.uploadCrawlerInfo(ConfigInterface.java:256) ~[classes/:?]
	at com.lenovo.spider.CachePipline.lambda$1(CachePipline.java:148) ~[classes/:?]
	at java.util.concurrent.Executors$RunnableAdapter.call(Executors.java:511) [?:1.8.0_121]
	at java.util.concurrent.FutureTask.run(FutureTask.java:266) [?:1.8.0_121]
	at java.util.concurrent.ScheduledThreadPoolExecutor$ScheduledFutureTask.access$201(ScheduledThreadPoolExecutor.java:180) [?:1.8.0_121]
	at java.util.concurrent.ScheduledThreadPoolExecutor$ScheduledFutureTask.run(ScheduledThreadPoolExecutor.java:293) [?:1.8.0_121]
	at java.util.concurrent.ThreadPoolExecutor.runWorker(ThreadPoolExecutor.java:1142) [?:1.8.0_121]
	at java.util.concurrent.ThreadPoolExecutor$Worker.run(ThreadPoolExecutor.java:617) [?:1.8.0_121]
	at java.lang.Thread.run(Thread.java:745) [?:1.8.0_121]
2018-03-27 17:48:31 null
com.lenovo.exception.NetException: null
	at com.lenovo.spider.interfaces.ConfigInterface.check(ConfigInterface.java:53) ~[classes/:?]
	at com.lenovo.spider.interfaces.ConfigInterface.uploadCrawlerInfo(ConfigInterface.java:256) ~[classes/:?]
	at com.lenovo.spider.CachePipline.lambda$1(CachePipline.java:148) ~[classes/:?]
	at java.util.concurrent.Executors$RunnableAdapter.call(Executors.java:511) [?:1.8.0_121]
	at java.util.concurrent.FutureTask.run(FutureTask.java:266) [?:1.8.0_121]
	at java.util.concurrent.ScheduledThreadPoolExecutor$ScheduledFutureTask.access$201(ScheduledThreadPoolExecutor.java:180) [?:1.8.0_121]
	at java.util.concurrent.ScheduledThreadPoolExecutor$ScheduledFutureTask.run(ScheduledThreadPoolExecutor.java:293) [?:1.8.0_121]
	at java.util.concurrent.ThreadPoolExecutor.runWorker(ThreadPoolExecutor.java:1142) [?:1.8.0_121]
	at java.util.concurrent.ThreadPoolExecutor$Worker.run(ThreadPoolExecutor.java:617) [?:1.8.0_121]
	at java.lang.Thread.run(Thread.java:745) [?:1.8.0_121]
2018-03-27 17:48:32 null
com.lenovo.exception.NetException: null
	at com.lenovo.spider.interfaces.ConfigInterface.check(ConfigInterface.java:53) ~[classes/:?]
	at com.lenovo.spider.interfaces.ConfigInterface.uploadCrawlerInfo(ConfigInterface.java:256) ~[classes/:?]
	at com.lenovo.spider.CachePipline.lambda$1(CachePipline.java:148) ~[classes/:?]
	at java.util.concurrent.Executors$RunnableAdapter.call(Executors.java:511) [?:1.8.0_121]
	at java.util.concurrent.FutureTask.run(FutureTask.java:266) [?:1.8.0_121]
	at java.util.concurrent.ScheduledThreadPoolExecutor$ScheduledFutureTask.access$201(ScheduledThreadPoolExecutor.java:180) [?:1.8.0_121]
	at java.util.concurrent.ScheduledThreadPoolExecutor$ScheduledFutureTask.run(ScheduledThreadPoolExecutor.java:293) [?:1.8.0_121]
	at java.util.concurrent.ThreadPoolExecutor.runWorker(ThreadPoolExecutor.java:1142) [?:1.8.0_121]
	at java.util.concurrent.ThreadPoolExecutor$Worker.run(ThreadPoolExecutor.java:617) [?:1.8.0_121]
	at java.lang.Thread.run(Thread.java:745) [?:1.8.0_121]
2018-03-27 17:48:33 null
com.lenovo.exception.NetException: null
	at com.lenovo.spider.interfaces.ConfigInterface.check(ConfigInterface.java:53) ~[classes/:?]
	at com.lenovo.spider.interfaces.ConfigInterface.uploadCrawlerInfo(ConfigInterface.java:256) ~[classes/:?]
	at com.lenovo.spider.CachePipline.lambda$1(CachePipline.java:148) ~[classes/:?]
	at java.util.concurrent.Executors$RunnableAdapter.call(Executors.java:511) [?:1.8.0_121]
	at java.util.concurrent.FutureTask.run(FutureTask.java:266) [?:1.8.0_121]
	at java.util.concurrent.ScheduledThreadPoolExecutor$ScheduledFutureTask.access$201(ScheduledThreadPoolExecutor.java:180) [?:1.8.0_121]
	at java.util.concurrent.ScheduledThreadPoolExecutor$ScheduledFutureTask.run(ScheduledThreadPoolExecutor.java:293) [?:1.8.0_121]
	at java.util.concurrent.ThreadPoolExecutor.runWorker(ThreadPoolExecutor.java:1142) [?:1.8.0_121]
	at java.util.concurrent.ThreadPoolExecutor$Worker.run(ThreadPoolExecutor.java:617) [?:1.8.0_121]
	at java.lang.Thread.run(Thread.java:745) [?:1.8.0_121]
2018-03-27 17:48:34 null
com.lenovo.exception.NetException: null
	at com.lenovo.spider.interfaces.ConfigInterface.check(ConfigInterface.java:53) ~[classes/:?]
	at com.lenovo.spider.interfaces.ConfigInterface.uploadCrawlerInfo(ConfigInterface.java:256) ~[classes/:?]
	at com.lenovo.spider.CachePipline.lambda$1(CachePipline.java:148) ~[classes/:?]
	at java.util.concurrent.Executors$RunnableAdapter.call(Executors.java:511) [?:1.8.0_121]
	at java.util.concurrent.FutureTask.run(FutureTask.java:266) [?:1.8.0_121]
	at java.util.concurrent.ScheduledThreadPoolExecutor$ScheduledFutureTask.access$201(ScheduledThreadPoolExecutor.java:180) [?:1.8.0_121]
	at java.util.concurrent.ScheduledThreadPoolExecutor$ScheduledFutureTask.run(ScheduledThreadPoolExecutor.java:293) [?:1.8.0_121]
	at java.util.concurrent.ThreadPoolExecutor.runWorker(ThreadPoolExecutor.java:1142) [?:1.8.0_121]
	at java.util.concurrent.ThreadPoolExecutor$Worker.run(ThreadPoolExecutor.java:617) [?:1.8.0_121]
	at java.lang.Thread.run(Thread.java:745) [?:1.8.0_121]
2018-03-27 17:48:35 null
com.lenovo.exception.NetException: null
	at com.lenovo.spider.interfaces.ConfigInterface.check(ConfigInterface.java:53) ~[classes/:?]
	at com.lenovo.spider.interfaces.ConfigInterface.uploadCrawlerInfo(ConfigInterface.java:256) ~[classes/:?]
	at com.lenovo.spider.CachePipline.lambda$1(CachePipline.java:148) ~[classes/:?]
	at java.util.concurrent.Executors$RunnableAdapter.call(Executors.java:511) [?:1.8.0_121]
	at java.util.concurrent.FutureTask.run(FutureTask.java:266) [?:1.8.0_121]
	at java.util.concurrent.ScheduledThreadPoolExecutor$ScheduledFutureTask.access$201(ScheduledThreadPoolExecutor.java:180) [?:1.8.0_121]
	at java.util.concurrent.ScheduledThreadPoolExecutor$ScheduledFutureTask.run(ScheduledThreadPoolExecutor.java:293) [?:1.8.0_121]
	at java.util.concurrent.ThreadPoolExecutor.runWorker(ThreadPoolExecutor.java:1142) [?:1.8.0_121]
	at java.util.concurrent.ThreadPoolExecutor$Worker.run(ThreadPoolExecutor.java:617) [?:1.8.0_121]
	at java.lang.Thread.run(Thread.java:745) [?:1.8.0_121]
2018-03-27 17:48:36 null
com.lenovo.exception.NetException: null
	at com.lenovo.spider.interfaces.ConfigInterface.check(ConfigInterface.java:53) ~[classes/:?]
	at com.lenovo.spider.interfaces.ConfigInterface.uploadCrawlerInfo(ConfigInterface.java:256) ~[classes/:?]
	at com.lenovo.spider.CachePipline.lambda$1(CachePipline.java:148) ~[classes/:?]
	at java.util.concurrent.Executors$RunnableAdapter.call(Executors.java:511) [?:1.8.0_121]
	at java.util.concurrent.FutureTask.run(FutureTask.java:266) [?:1.8.0_121]
	at java.util.concurrent.ScheduledThreadPoolExecutor$ScheduledFutureTask.access$201(ScheduledThreadPoolExecutor.java:180) [?:1.8.0_121]
	at java.util.concurrent.ScheduledThreadPoolExecutor$ScheduledFutureTask.run(ScheduledThreadPoolExecutor.java:293) [?:1.8.0_121]
	at java.util.concurrent.ThreadPoolExecutor.runWorker(ThreadPoolExecutor.java:1142) [?:1.8.0_121]
	at java.util.concurrent.ThreadPoolExecutor$Worker.run(ThreadPoolExecutor.java:617) [?:1.8.0_121]
	at java.lang.Thread.run(Thread.java:745) [?:1.8.0_121]
2018-03-27 17:48:37 null
com.lenovo.exception.NetException: null
	at com.lenovo.spider.interfaces.ConfigInterface.check(ConfigInterface.java:53) ~[classes/:?]
	at com.lenovo.spider.interfaces.ConfigInterface.uploadCrawlerInfo(ConfigInterface.java:256) ~[classes/:?]
	at com.lenovo.spider.CachePipline.lambda$1(CachePipline.java:148) ~[classes/:?]
	at java.util.concurrent.Executors$RunnableAdapter.call(Executors.java:511) [?:1.8.0_121]
	at java.util.concurrent.FutureTask.run(FutureTask.java:266) [?:1.8.0_121]
	at java.util.concurrent.ScheduledThreadPoolExecutor$ScheduledFutureTask.access$201(ScheduledThreadPoolExecutor.java:180) [?:1.8.0_121]
	at java.util.concurrent.ScheduledThreadPoolExecutor$ScheduledFutureTask.run(ScheduledThreadPoolExecutor.java:293) [?:1.8.0_121]
	at java.util.concurrent.ThreadPoolExecutor.runWorker(ThreadPoolExecutor.java:1142) [?:1.8.0_121]
	at java.util.concurrent.ThreadPoolExecutor$Worker.run(ThreadPoolExecutor.java:617) [?:1.8.0_121]
	at java.lang.Thread.run(Thread.java:745) [?:1.8.0_121]
2018-03-27 17:48:38 null
com.lenovo.exception.NetException: null
	at com.lenovo.spider.interfaces.ConfigInterface.check(ConfigInterface.java:53) ~[classes/:?]
	at com.lenovo.spider.interfaces.ConfigInterface.uploadCrawlerInfo(ConfigInterface.java:256) ~[classes/:?]
	at com.lenovo.spider.CachePipline.lambda$1(CachePipline.java:148) ~[classes/:?]
	at java.util.concurrent.Executors$RunnableAdapter.call(Executors.java:511) [?:1.8.0_121]
	at java.util.concurrent.FutureTask.run(FutureTask.java:266) [?:1.8.0_121]
	at java.util.concurrent.ScheduledThreadPoolExecutor$ScheduledFutureTask.access$201(ScheduledThreadPoolExecutor.java:180) [?:1.8.0_121]
	at java.util.concurrent.ScheduledThreadPoolExecutor$ScheduledFutureTask.run(ScheduledThreadPoolExecutor.java:293) [?:1.8.0_121]
	at java.util.concurrent.ThreadPoolExecutor.runWorker(ThreadPoolExecutor.java:1142) [?:1.8.0_121]
	at java.util.concurrent.ThreadPoolExecutor$Worker.run(ThreadPoolExecutor.java:617) [?:1.8.0_121]
	at java.lang.Thread.run(Thread.java:745) [?:1.8.0_121]
2018-03-27 17:48:39 null
com.lenovo.exception.NetException: null
	at com.lenovo.spider.interfaces.ConfigInterface.check(ConfigInterface.java:53) ~[classes/:?]
	at com.lenovo.spider.interfaces.ConfigInterface.uploadCrawlerInfo(ConfigInterface.java:256) ~[classes/:?]
	at com.lenovo.spider.CachePipline.lambda$1(CachePipline.java:148) ~[classes/:?]
	at java.util.concurrent.Executors$RunnableAdapter.call(Executors.java:511) [?:1.8.0_121]
	at java.util.concurrent.FutureTask.run(FutureTask.java:266) [?:1.8.0_121]
	at java.util.concurrent.ScheduledThreadPoolExecutor$ScheduledFutureTask.access$201(ScheduledThreadPoolExecutor.java:180) [?:1.8.0_121]
	at java.util.concurrent.ScheduledThreadPoolExecutor$ScheduledFutureTask.run(ScheduledThreadPoolExecutor.java:293) [?:1.8.0_121]
	at java.util.concurrent.ThreadPoolExecutor.runWorker(ThreadPoolExecutor.java:1142) [?:1.8.0_121]
	at java.util.concurrent.ThreadPoolExecutor$Worker.run(ThreadPoolExecutor.java:617) [?:1.8.0_121]
	at java.lang.Thread.run(Thread.java:745) [?:1.8.0_121]
