2018-03-28 14:07:31 null
com.lenovo.exception.NetException: null
	at com.lenovo.spider.interfaces.ConfigInterface.check(ConfigInterface.java:53) ~[classes/:?]
	at com.lenovo.spider.interfaces.ConfigInterface.uploadCrawlerInfo(ConfigInterface.java:256) ~[classes/:?]
	at com.lenovo.spider.CachePipline.lambda$1(CachePipline.java:148) ~[classes/:?]
	at java.util.concurrent.Executors$RunnableAdapter.call(Executors.java:511) [?:1.8.0_121]
	at java.util.concurrent.FutureTask.run(FutureTask.java:266) [?:1.8.0_121]
	at java.util.concurrent.ScheduledThreadPoolExecutor$ScheduledFutureTask.access$201(ScheduledThreadPoolExecutor.java:180) [?:1.8.0_121]
	at java.util.concurrent.ScheduledThreadPoolExecutor$ScheduledFutureTask.run(ScheduledThreadPoolExecutor.java:293) [?:1.8.0_121]
	at java.util.concurrent.ThreadPoolExecutor.runWorker(ThreadPoolExecutor.java:1142) [?:1.8.0_121]
	at java.util.concurrent.ThreadPoolExecutor$Worker.run(ThreadPoolExecutor.java:617) [?:1.8.0_121]
	at java.lang.Thread.run(Thread.java:745) [?:1.8.0_121]
2018-03-28 14:07:32 null
com.lenovo.exception.NetException: null
	at com.lenovo.spider.interfaces.ConfigInterface.check(ConfigInterface.java:53) ~[classes/:?]
	at com.lenovo.spider.interfaces.ConfigInterface.uploadCrawlerInfo(ConfigInterface.java:256) ~[classes/:?]
	at com.lenovo.spider.CachePipline.lambda$1(CachePipline.java:148) ~[classes/:?]
	at java.util.concurrent.Executors$RunnableAdapter.call(Executors.java:511) [?:1.8.0_121]
	at java.util.concurrent.FutureTask.run(FutureTask.java:266) [?:1.8.0_121]
	at java.util.concurrent.ScheduledThreadPoolExecutor$ScheduledFutureTask.access$201(ScheduledThreadPoolExecutor.java:180) [?:1.8.0_121]
	at java.util.concurrent.ScheduledThreadPoolExecutor$ScheduledFutureTask.run(ScheduledThreadPoolExecutor.java:293) [?:1.8.0_121]
	at java.util.concurrent.ThreadPoolExecutor.runWorker(ThreadPoolExecutor.java:1142) [?:1.8.0_121]
	at java.util.concurrent.ThreadPoolExecutor$Worker.run(ThreadPoolExecutor.java:617) [?:1.8.0_121]
	at java.lang.Thread.run(Thread.java:745) [?:1.8.0_121]
2018-03-28 14:07:33 null
com.lenovo.exception.NetException: null
	at com.lenovo.spider.interfaces.ConfigInterface.check(ConfigInterface.java:53) ~[classes/:?]
	at com.lenovo.spider.interfaces.ConfigInterface.uploadCrawlerInfo(ConfigInterface.java:256) ~[classes/:?]
	at com.lenovo.spider.CachePipline.lambda$1(CachePipline.java:148) ~[classes/:?]
	at java.util.concurrent.Executors$RunnableAdapter.call(Executors.java:511) [?:1.8.0_121]
	at java.util.concurrent.FutureTask.run(FutureTask.java:266) [?:1.8.0_121]
	at java.util.concurrent.ScheduledThreadPoolExecutor$ScheduledFutureTask.access$201(ScheduledThreadPoolExecutor.java:180) [?:1.8.0_121]
	at java.util.concurrent.ScheduledThreadPoolExecutor$ScheduledFutureTask.run(ScheduledThreadPoolExecutor.java:293) [?:1.8.0_121]
	at java.util.concurrent.ThreadPoolExecutor.runWorker(ThreadPoolExecutor.java:1142) [?:1.8.0_121]
	at java.util.concurrent.ThreadPoolExecutor$Worker.run(ThreadPoolExecutor.java:617) [?:1.8.0_121]
	at java.lang.Thread.run(Thread.java:745) [?:1.8.0_121]
2018-03-28 14:07:34 null
com.lenovo.exception.NetException: null
	at com.lenovo.spider.interfaces.ConfigInterface.check(ConfigInterface.java:53) ~[classes/:?]
	at com.lenovo.spider.interfaces.ConfigInterface.uploadCrawlerInfo(ConfigInterface.java:256) ~[classes/:?]
	at com.lenovo.spider.CachePipline.lambda$1(CachePipline.java:148) ~[classes/:?]
	at java.util.concurrent.Executors$RunnableAdapter.call(Executors.java:511) [?:1.8.0_121]
	at java.util.concurrent.FutureTask.run(FutureTask.java:266) [?:1.8.0_121]
	at java.util.concurrent.ScheduledThreadPoolExecutor$ScheduledFutureTask.access$201(ScheduledThreadPoolExecutor.java:180) [?:1.8.0_121]
	at java.util.concurrent.ScheduledThreadPoolExecutor$ScheduledFutureTask.run(ScheduledThreadPoolExecutor.java:293) [?:1.8.0_121]
	at java.util.concurrent.ThreadPoolExecutor.runWorker(ThreadPoolExecutor.java:1142) [?:1.8.0_121]
	at java.util.concurrent.ThreadPoolExecutor$Worker.run(ThreadPoolExecutor.java:617) [?:1.8.0_121]
	at java.lang.Thread.run(Thread.java:745) [?:1.8.0_121]
2018-03-28 14:07:35 null
com.lenovo.exception.NetException: null
	at com.lenovo.spider.interfaces.ConfigInterface.check(ConfigInterface.java:53) ~[classes/:?]
	at com.lenovo.spider.interfaces.ConfigInterface.uploadCrawlerInfo(ConfigInterface.java:256) ~[classes/:?]
	at com.lenovo.spider.CachePipline.lambda$1(CachePipline.java:148) ~[classes/:?]
	at java.util.concurrent.Executors$RunnableAdapter.call(Executors.java:511) [?:1.8.0_121]
	at java.util.concurrent.FutureTask.run(FutureTask.java:266) [?:1.8.0_121]
	at java.util.concurrent.ScheduledThreadPoolExecutor$ScheduledFutureTask.access$201(ScheduledThreadPoolExecutor.java:180) [?:1.8.0_121]
	at java.util.concurrent.ScheduledThreadPoolExecutor$ScheduledFutureTask.run(ScheduledThreadPoolExecutor.java:293) [?:1.8.0_121]
	at java.util.concurrent.ThreadPoolExecutor.runWorker(ThreadPoolExecutor.java:1142) [?:1.8.0_121]
	at java.util.concurrent.ThreadPoolExecutor$Worker.run(ThreadPoolExecutor.java:617) [?:1.8.0_121]
	at java.lang.Thread.run(Thread.java:745) [?:1.8.0_121]
2018-03-28 14:07:36 null
com.lenovo.exception.NetException: null
	at com.lenovo.spider.interfaces.ConfigInterface.check(ConfigInterface.java:53) ~[classes/:?]
	at com.lenovo.spider.interfaces.ConfigInterface.uploadCrawlerInfo(ConfigInterface.java:256) ~[classes/:?]
	at com.lenovo.spider.CachePipline.lambda$1(CachePipline.java:148) ~[classes/:?]
	at java.util.concurrent.Executors$RunnableAdapter.call(Executors.java:511) [?:1.8.0_121]
	at java.util.concurrent.FutureTask.run(FutureTask.java:266) [?:1.8.0_121]
	at java.util.concurrent.ScheduledThreadPoolExecutor$ScheduledFutureTask.access$201(ScheduledThreadPoolExecutor.java:180) [?:1.8.0_121]
	at java.util.concurrent.ScheduledThreadPoolExecutor$ScheduledFutureTask.run(ScheduledThreadPoolExecutor.java:293) [?:1.8.0_121]
	at java.util.concurrent.ThreadPoolExecutor.runWorker(ThreadPoolExecutor.java:1142) [?:1.8.0_121]
	at java.util.concurrent.ThreadPoolExecutor$Worker.run(ThreadPoolExecutor.java:617) [?:1.8.0_121]
	at java.lang.Thread.run(Thread.java:745) [?:1.8.0_121]
2018-03-28 14:07:37 null
com.lenovo.exception.NetException: null
	at com.lenovo.spider.interfaces.ConfigInterface.check(ConfigInterface.java:53) ~[classes/:?]
	at com.lenovo.spider.interfaces.ConfigInterface.uploadCrawlerInfo(ConfigInterface.java:256) ~[classes/:?]
	at com.lenovo.spider.CachePipline.lambda$1(CachePipline.java:148) ~[classes/:?]
	at java.util.concurrent.Executors$RunnableAdapter.call(Executors.java:511) [?:1.8.0_121]
	at java.util.concurrent.FutureTask.run(FutureTask.java:266) [?:1.8.0_121]
	at java.util.concurrent.ScheduledThreadPoolExecutor$ScheduledFutureTask.access$201(ScheduledThreadPoolExecutor.java:180) [?:1.8.0_121]
	at java.util.concurrent.ScheduledThreadPoolExecutor$ScheduledFutureTask.run(ScheduledThreadPoolExecutor.java:293) [?:1.8.0_121]
	at java.util.concurrent.ThreadPoolExecutor.runWorker(ThreadPoolExecutor.java:1142) [?:1.8.0_121]
	at java.util.concurrent.ThreadPoolExecutor$Worker.run(ThreadPoolExecutor.java:617) [?:1.8.0_121]
	at java.lang.Thread.run(Thread.java:745) [?:1.8.0_121]
2018-03-28 14:07:38 null
com.lenovo.exception.NetException: null
	at com.lenovo.spider.interfaces.ConfigInterface.check(ConfigInterface.java:53) ~[classes/:?]
	at com.lenovo.spider.interfaces.ConfigInterface.uploadCrawlerInfo(ConfigInterface.java:256) ~[classes/:?]
	at com.lenovo.spider.CachePipline.lambda$1(CachePipline.java:148) ~[classes/:?]
	at java.util.concurrent.Executors$RunnableAdapter.call(Executors.java:511) [?:1.8.0_121]
	at java.util.concurrent.FutureTask.run(FutureTask.java:266) [?:1.8.0_121]
	at java.util.concurrent.ScheduledThreadPoolExecutor$ScheduledFutureTask.access$201(ScheduledThreadPoolExecutor.java:180) [?:1.8.0_121]
	at java.util.concurrent.ScheduledThreadPoolExecutor$ScheduledFutureTask.run(ScheduledThreadPoolExecutor.java:293) [?:1.8.0_121]
	at java.util.concurrent.ThreadPoolExecutor.runWorker(ThreadPoolExecutor.java:1142) [?:1.8.0_121]
	at java.util.concurrent.ThreadPoolExecutor$Worker.run(ThreadPoolExecutor.java:617) [?:1.8.0_121]
	at java.lang.Thread.run(Thread.java:745) [?:1.8.0_121]
2018-03-28 14:07:39 null
com.lenovo.exception.NetException: null
	at com.lenovo.spider.interfaces.ConfigInterface.check(ConfigInterface.java:53) ~[classes/:?]
	at com.lenovo.spider.interfaces.ConfigInterface.uploadCrawlerInfo(ConfigInterface.java:256) ~[classes/:?]
	at com.lenovo.spider.CachePipline.lambda$1(CachePipline.java:148) ~[classes/:?]
	at java.util.concurrent.Executors$RunnableAdapter.call(Executors.java:511) [?:1.8.0_121]
	at java.util.concurrent.FutureTask.run(FutureTask.java:266) [?:1.8.0_121]
	at java.util.concurrent.ScheduledThreadPoolExecutor$ScheduledFutureTask.access$201(ScheduledThreadPoolExecutor.java:180) [?:1.8.0_121]
	at java.util.concurrent.ScheduledThreadPoolExecutor$ScheduledFutureTask.run(ScheduledThreadPoolExecutor.java:293) [?:1.8.0_121]
	at java.util.concurrent.ThreadPoolExecutor.runWorker(ThreadPoolExecutor.java:1142) [?:1.8.0_121]
	at java.util.concurrent.ThreadPoolExecutor$Worker.run(ThreadPoolExecutor.java:617) [?:1.8.0_121]
	at java.lang.Thread.run(Thread.java:745) [?:1.8.0_121]
2018-03-28 14:07:41 null
com.lenovo.exception.NetException: null
	at com.lenovo.spider.interfaces.ConfigInterface.check(ConfigInterface.java:53) ~[classes/:?]
	at com.lenovo.spider.interfaces.ConfigInterface.uploadCrawlerInfo(ConfigInterface.java:256) ~[classes/:?]
	at com.lenovo.spider.CachePipline.lambda$1(CachePipline.java:148) ~[classes/:?]
	at java.util.concurrent.Executors$RunnableAdapter.call(Executors.java:511) [?:1.8.0_121]
	at java.util.concurrent.FutureTask.run(FutureTask.java:266) [?:1.8.0_121]
	at java.util.concurrent.ScheduledThreadPoolExecutor$ScheduledFutureTask.access$201(ScheduledThreadPoolExecutor.java:180) [?:1.8.0_121]
	at java.util.concurrent.ScheduledThreadPoolExecutor$ScheduledFutureTask.run(ScheduledThreadPoolExecutor.java:293) [?:1.8.0_121]
	at java.util.concurrent.ThreadPoolExecutor.runWorker(ThreadPoolExecutor.java:1142) [?:1.8.0_121]
	at java.util.concurrent.ThreadPoolExecutor$Worker.run(ThreadPoolExecutor.java:617) [?:1.8.0_121]
	at java.lang.Thread.run(Thread.java:745) [?:1.8.0_121]
2018-03-28 14:07:42 null
com.lenovo.exception.NetException: null
	at com.lenovo.spider.interfaces.ConfigInterface.check(ConfigInterface.java:53) ~[classes/:?]
	at com.lenovo.spider.interfaces.ConfigInterface.uploadCrawlerInfo(ConfigInterface.java:256) ~[classes/:?]
	at com.lenovo.spider.CachePipline.lambda$1(CachePipline.java:148) ~[classes/:?]
	at java.util.concurrent.Executors$RunnableAdapter.call(Executors.java:511) [?:1.8.0_121]
	at java.util.concurrent.FutureTask.run(FutureTask.java:266) [?:1.8.0_121]
	at java.util.concurrent.ScheduledThreadPoolExecutor$ScheduledFutureTask.access$201(ScheduledThreadPoolExecutor.java:180) [?:1.8.0_121]
	at java.util.concurrent.ScheduledThreadPoolExecutor$ScheduledFutureTask.run(ScheduledThreadPoolExecutor.java:293) [?:1.8.0_121]
	at java.util.concurrent.ThreadPoolExecutor.runWorker(ThreadPoolExecutor.java:1142) [?:1.8.0_121]
	at java.util.concurrent.ThreadPoolExecutor$Worker.run(ThreadPoolExecutor.java:617) [?:1.8.0_121]
	at java.lang.Thread.run(Thread.java:745) [?:1.8.0_121]
2018-03-28 14:07:43 null
com.lenovo.exception.NetException: null
	at com.lenovo.spider.interfaces.ConfigInterface.check(ConfigInterface.java:53) ~[classes/:?]
	at com.lenovo.spider.interfaces.ConfigInterface.uploadCrawlerInfo(ConfigInterface.java:256) ~[classes/:?]
	at com.lenovo.spider.CachePipline.lambda$1(CachePipline.java:148) ~[classes/:?]
	at java.util.concurrent.Executors$RunnableAdapter.call(Executors.java:511) [?:1.8.0_121]
	at java.util.concurrent.FutureTask.run(FutureTask.java:266) [?:1.8.0_121]
	at java.util.concurrent.ScheduledThreadPoolExecutor$ScheduledFutureTask.access$201(ScheduledThreadPoolExecutor.java:180) [?:1.8.0_121]
	at java.util.concurrent.ScheduledThreadPoolExecutor$ScheduledFutureTask.run(ScheduledThreadPoolExecutor.java:293) [?:1.8.0_121]
	at java.util.concurrent.ThreadPoolExecutor.runWorker(ThreadPoolExecutor.java:1142) [?:1.8.0_121]
	at java.util.concurrent.ThreadPoolExecutor$Worker.run(ThreadPoolExecutor.java:617) [?:1.8.0_121]
	at java.lang.Thread.run(Thread.java:745) [?:1.8.0_121]
2018-03-28 14:07:44 null
com.lenovo.exception.NetException: null
	at com.lenovo.spider.interfaces.ConfigInterface.check(ConfigInterface.java:53) ~[classes/:?]
	at com.lenovo.spider.interfaces.ConfigInterface.uploadCrawlerInfo(ConfigInterface.java:256) ~[classes/:?]
	at com.lenovo.spider.CachePipline.lambda$1(CachePipline.java:148) ~[classes/:?]
	at java.util.concurrent.Executors$RunnableAdapter.call(Executors.java:511) [?:1.8.0_121]
	at java.util.concurrent.FutureTask.run(FutureTask.java:266) [?:1.8.0_121]
	at java.util.concurrent.ScheduledThreadPoolExecutor$ScheduledFutureTask.access$201(ScheduledThreadPoolExecutor.java:180) [?:1.8.0_121]
	at java.util.concurrent.ScheduledThreadPoolExecutor$ScheduledFutureTask.run(ScheduledThreadPoolExecutor.java:293) [?:1.8.0_121]
	at java.util.concurrent.ThreadPoolExecutor.runWorker(ThreadPoolExecutor.java:1142) [?:1.8.0_121]
	at java.util.concurrent.ThreadPoolExecutor$Worker.run(ThreadPoolExecutor.java:617) [?:1.8.0_121]
	at java.lang.Thread.run(Thread.java:745) [?:1.8.0_121]
2018-03-28 14:07:45 null
com.lenovo.exception.NetException: null
	at com.lenovo.spider.interfaces.ConfigInterface.check(ConfigInterface.java:53) ~[classes/:?]
	at com.lenovo.spider.interfaces.ConfigInterface.uploadCrawlerInfo(ConfigInterface.java:256) ~[classes/:?]
	at com.lenovo.spider.CachePipline.lambda$1(CachePipline.java:148) ~[classes/:?]
	at java.util.concurrent.Executors$RunnableAdapter.call(Executors.java:511) [?:1.8.0_121]
	at java.util.concurrent.FutureTask.run(FutureTask.java:266) [?:1.8.0_121]
	at java.util.concurrent.ScheduledThreadPoolExecutor$ScheduledFutureTask.access$201(ScheduledThreadPoolExecutor.java:180) [?:1.8.0_121]
	at java.util.concurrent.ScheduledThreadPoolExecutor$ScheduledFutureTask.run(ScheduledThreadPoolExecutor.java:293) [?:1.8.0_121]
	at java.util.concurrent.ThreadPoolExecutor.runWorker(ThreadPoolExecutor.java:1142) [?:1.8.0_121]
	at java.util.concurrent.ThreadPoolExecutor$Worker.run(ThreadPoolExecutor.java:617) [?:1.8.0_121]
	at java.lang.Thread.run(Thread.java:745) [?:1.8.0_121]
2018-03-28 14:07:46 null
com.lenovo.exception.NetException: null
	at com.lenovo.spider.interfaces.ConfigInterface.check(ConfigInterface.java:53) ~[classes/:?]
	at com.lenovo.spider.interfaces.ConfigInterface.uploadCrawlerInfo(ConfigInterface.java:256) ~[classes/:?]
	at com.lenovo.spider.CachePipline.lambda$1(CachePipline.java:148) ~[classes/:?]
	at java.util.concurrent.Executors$RunnableAdapter.call(Executors.java:511) [?:1.8.0_121]
	at java.util.concurrent.FutureTask.run(FutureTask.java:266) [?:1.8.0_121]
	at java.util.concurrent.ScheduledThreadPoolExecutor$ScheduledFutureTask.access$201(ScheduledThreadPoolExecutor.java:180) [?:1.8.0_121]
	at java.util.concurrent.ScheduledThreadPoolExecutor$ScheduledFutureTask.run(ScheduledThreadPoolExecutor.java:293) [?:1.8.0_121]
	at java.util.concurrent.ThreadPoolExecutor.runWorker(ThreadPoolExecutor.java:1142) [?:1.8.0_121]
	at java.util.concurrent.ThreadPoolExecutor$Worker.run(ThreadPoolExecutor.java:617) [?:1.8.0_121]
	at java.lang.Thread.run(Thread.java:745) [?:1.8.0_121]
2018-03-28 14:07:47 null
com.lenovo.exception.NetException: null
	at com.lenovo.spider.interfaces.ConfigInterface.check(ConfigInterface.java:53) ~[classes/:?]
	at com.lenovo.spider.interfaces.ConfigInterface.uploadCrawlerInfo(ConfigInterface.java:256) ~[classes/:?]
	at com.lenovo.spider.CachePipline.lambda$1(CachePipline.java:148) ~[classes/:?]
	at java.util.concurrent.Executors$RunnableAdapter.call(Executors.java:511) [?:1.8.0_121]
	at java.util.concurrent.FutureTask.run(FutureTask.java:266) [?:1.8.0_121]
	at java.util.concurrent.ScheduledThreadPoolExecutor$ScheduledFutureTask.access$201(ScheduledThreadPoolExecutor.java:180) [?:1.8.0_121]
	at java.util.concurrent.ScheduledThreadPoolExecutor$ScheduledFutureTask.run(ScheduledThreadPoolExecutor.java:293) [?:1.8.0_121]
	at java.util.concurrent.ThreadPoolExecutor.runWorker(ThreadPoolExecutor.java:1142) [?:1.8.0_121]
	at java.util.concurrent.ThreadPoolExecutor$Worker.run(ThreadPoolExecutor.java:617) [?:1.8.0_121]
	at java.lang.Thread.run(Thread.java:745) [?:1.8.0_121]
2018-03-28 14:07:48 null
com.lenovo.exception.NetException: null
	at com.lenovo.spider.interfaces.ConfigInterface.check(ConfigInterface.java:53) ~[classes/:?]
	at com.lenovo.spider.interfaces.ConfigInterface.uploadCrawlerInfo(ConfigInterface.java:256) ~[classes/:?]
	at com.lenovo.spider.CachePipline.lambda$1(CachePipline.java:148) ~[classes/:?]
	at java.util.concurrent.Executors$RunnableAdapter.call(Executors.java:511) [?:1.8.0_121]
	at java.util.concurrent.FutureTask.run(FutureTask.java:266) [?:1.8.0_121]
	at java.util.concurrent.ScheduledThreadPoolExecutor$ScheduledFutureTask.access$201(ScheduledThreadPoolExecutor.java:180) [?:1.8.0_121]
	at java.util.concurrent.ScheduledThreadPoolExecutor$ScheduledFutureTask.run(ScheduledThreadPoolExecutor.java:293) [?:1.8.0_121]
	at java.util.concurrent.ThreadPoolExecutor.runWorker(ThreadPoolExecutor.java:1142) [?:1.8.0_121]
	at java.util.concurrent.ThreadPoolExecutor$Worker.run(ThreadPoolExecutor.java:617) [?:1.8.0_121]
	at java.lang.Thread.run(Thread.java:745) [?:1.8.0_121]
2018-03-28 14:07:49 null
com.lenovo.exception.NetException: null
	at com.lenovo.spider.interfaces.ConfigInterface.check(ConfigInterface.java:53) ~[classes/:?]
	at com.lenovo.spider.interfaces.ConfigInterface.uploadCrawlerInfo(ConfigInterface.java:256) ~[classes/:?]
	at com.lenovo.spider.CachePipline.lambda$1(CachePipline.java:148) ~[classes/:?]
	at java.util.concurrent.Executors$RunnableAdapter.call(Executors.java:511) [?:1.8.0_121]
	at java.util.concurrent.FutureTask.run(FutureTask.java:266) [?:1.8.0_121]
	at java.util.concurrent.ScheduledThreadPoolExecutor$ScheduledFutureTask.access$201(ScheduledThreadPoolExecutor.java:180) [?:1.8.0_121]
	at java.util.concurrent.ScheduledThreadPoolExecutor$ScheduledFutureTask.run(ScheduledThreadPoolExecutor.java:293) [?:1.8.0_121]
	at java.util.concurrent.ThreadPoolExecutor.runWorker(ThreadPoolExecutor.java:1142) [?:1.8.0_121]
	at java.util.concurrent.ThreadPoolExecutor$Worker.run(ThreadPoolExecutor.java:617) [?:1.8.0_121]
	at java.lang.Thread.run(Thread.java:745) [?:1.8.0_121]
2018-03-28 14:07:50 null
com.lenovo.exception.NetException: null
	at com.lenovo.spider.interfaces.ConfigInterface.check(ConfigInterface.java:53) ~[classes/:?]
	at com.lenovo.spider.interfaces.ConfigInterface.uploadCrawlerInfo(ConfigInterface.java:256) ~[classes/:?]
	at com.lenovo.spider.CachePipline.lambda$1(CachePipline.java:148) ~[classes/:?]
	at java.util.concurrent.Executors$RunnableAdapter.call(Executors.java:511) [?:1.8.0_121]
	at java.util.concurrent.FutureTask.run(FutureTask.java:266) [?:1.8.0_121]
	at java.util.concurrent.ScheduledThreadPoolExecutor$ScheduledFutureTask.access$201(ScheduledThreadPoolExecutor.java:180) [?:1.8.0_121]
	at java.util.concurrent.ScheduledThreadPoolExecutor$ScheduledFutureTask.run(ScheduledThreadPoolExecutor.java:293) [?:1.8.0_121]
	at java.util.concurrent.ThreadPoolExecutor.runWorker(ThreadPoolExecutor.java:1142) [?:1.8.0_121]
	at java.util.concurrent.ThreadPoolExecutor$Worker.run(ThreadPoolExecutor.java:617) [?:1.8.0_121]
	at java.lang.Thread.run(Thread.java:745) [?:1.8.0_121]
2018-03-28 14:07:51 null
com.lenovo.exception.NetException: null
	at com.lenovo.spider.interfaces.ConfigInterface.check(ConfigInterface.java:53) ~[classes/:?]
	at com.lenovo.spider.interfaces.ConfigInterface.uploadCrawlerInfo(ConfigInterface.java:256) ~[classes/:?]
	at com.lenovo.spider.CachePipline.lambda$1(CachePipline.java:148) ~[classes/:?]
	at java.util.concurrent.Executors$RunnableAdapter.call(Executors.java:511) [?:1.8.0_121]
	at java.util.concurrent.FutureTask.run(FutureTask.java:266) [?:1.8.0_121]
	at java.util.concurrent.ScheduledThreadPoolExecutor$ScheduledFutureTask.access$201(ScheduledThreadPoolExecutor.java:180) [?:1.8.0_121]
	at java.util.concurrent.ScheduledThreadPoolExecutor$ScheduledFutureTask.run(ScheduledThreadPoolExecutor.java:293) [?:1.8.0_121]
	at java.util.concurrent.ThreadPoolExecutor.runWorker(ThreadPoolExecutor.java:1142) [?:1.8.0_121]
	at java.util.concurrent.ThreadPoolExecutor$Worker.run(ThreadPoolExecutor.java:617) [?:1.8.0_121]
	at java.lang.Thread.run(Thread.java:745) [?:1.8.0_121]
2018-03-28 14:07:52 null
com.lenovo.exception.NetException: null
	at com.lenovo.spider.interfaces.ConfigInterface.check(ConfigInterface.java:53) ~[classes/:?]
	at com.lenovo.spider.interfaces.ConfigInterface.uploadCrawlerInfo(ConfigInterface.java:256) ~[classes/:?]
	at com.lenovo.spider.CachePipline.lambda$1(CachePipline.java:148) ~[classes/:?]
	at java.util.concurrent.Executors$RunnableAdapter.call(Executors.java:511) [?:1.8.0_121]
	at java.util.concurrent.FutureTask.run(FutureTask.java:266) [?:1.8.0_121]
	at java.util.concurrent.ScheduledThreadPoolExecutor$ScheduledFutureTask.access$201(ScheduledThreadPoolExecutor.java:180) [?:1.8.0_121]
	at java.util.concurrent.ScheduledThreadPoolExecutor$ScheduledFutureTask.run(ScheduledThreadPoolExecutor.java:293) [?:1.8.0_121]
	at java.util.concurrent.ThreadPoolExecutor.runWorker(ThreadPoolExecutor.java:1142) [?:1.8.0_121]
	at java.util.concurrent.ThreadPoolExecutor$Worker.run(ThreadPoolExecutor.java:617) [?:1.8.0_121]
	at java.lang.Thread.run(Thread.java:745) [?:1.8.0_121]
2018-03-28 14:07:53 null
com.lenovo.exception.NetException: null
	at com.lenovo.spider.interfaces.ConfigInterface.check(ConfigInterface.java:53) ~[classes/:?]
	at com.lenovo.spider.interfaces.ConfigInterface.uploadCrawlerInfo(ConfigInterface.java:256) ~[classes/:?]
	at com.lenovo.spider.CachePipline.lambda$1(CachePipline.java:148) ~[classes/:?]
	at java.util.concurrent.Executors$RunnableAdapter.call(Executors.java:511) [?:1.8.0_121]
	at java.util.concurrent.FutureTask.run(FutureTask.java:266) [?:1.8.0_121]
	at java.util.concurrent.ScheduledThreadPoolExecutor$ScheduledFutureTask.access$201(ScheduledThreadPoolExecutor.java:180) [?:1.8.0_121]
	at java.util.concurrent.ScheduledThreadPoolExecutor$ScheduledFutureTask.run(ScheduledThreadPoolExecutor.java:293) [?:1.8.0_121]
	at java.util.concurrent.ThreadPoolExecutor.runWorker(ThreadPoolExecutor.java:1142) [?:1.8.0_121]
	at java.util.concurrent.ThreadPoolExecutor$Worker.run(ThreadPoolExecutor.java:617) [?:1.8.0_121]
	at java.lang.Thread.run(Thread.java:745) [?:1.8.0_121]
2018-03-28 14:07:54 null
com.lenovo.exception.NetException: null
	at com.lenovo.spider.interfaces.ConfigInterface.check(ConfigInterface.java:53) ~[classes/:?]
	at com.lenovo.spider.interfaces.ConfigInterface.uploadCrawlerInfo(ConfigInterface.java:256) ~[classes/:?]
	at com.lenovo.spider.CachePipline.lambda$1(CachePipline.java:148) ~[classes/:?]
	at java.util.concurrent.Executors$RunnableAdapter.call(Executors.java:511) [?:1.8.0_121]
	at java.util.concurrent.FutureTask.run(FutureTask.java:266) [?:1.8.0_121]
	at java.util.concurrent.ScheduledThreadPoolExecutor$ScheduledFutureTask.access$201(ScheduledThreadPoolExecutor.java:180) [?:1.8.0_121]
	at java.util.concurrent.ScheduledThreadPoolExecutor$ScheduledFutureTask.run(ScheduledThreadPoolExecutor.java:293) [?:1.8.0_121]
	at java.util.concurrent.ThreadPoolExecutor.runWorker(ThreadPoolExecutor.java:1142) [?:1.8.0_121]
	at java.util.concurrent.ThreadPoolExecutor$Worker.run(ThreadPoolExecutor.java:617) [?:1.8.0_121]
	at java.lang.Thread.run(Thread.java:745) [?:1.8.0_121]
2018-03-28 14:07:55 null
com.lenovo.exception.NetException: null
	at com.lenovo.spider.interfaces.ConfigInterface.check(ConfigInterface.java:53) ~[classes/:?]
	at com.lenovo.spider.interfaces.ConfigInterface.uploadCrawlerInfo(ConfigInterface.java:256) ~[classes/:?]
	at com.lenovo.spider.CachePipline.lambda$1(CachePipline.java:148) ~[classes/:?]
	at java.util.concurrent.Executors$RunnableAdapter.call(Executors.java:511) [?:1.8.0_121]
	at java.util.concurrent.FutureTask.run(FutureTask.java:266) [?:1.8.0_121]
	at java.util.concurrent.ScheduledThreadPoolExecutor$ScheduledFutureTask.access$201(ScheduledThreadPoolExecutor.java:180) [?:1.8.0_121]
	at java.util.concurrent.ScheduledThreadPoolExecutor$ScheduledFutureTask.run(ScheduledThreadPoolExecutor.java:293) [?:1.8.0_121]
	at java.util.concurrent.ThreadPoolExecutor.runWorker(ThreadPoolExecutor.java:1142) [?:1.8.0_121]
	at java.util.concurrent.ThreadPoolExecutor$Worker.run(ThreadPoolExecutor.java:617) [?:1.8.0_121]
	at java.lang.Thread.run(Thread.java:745) [?:1.8.0_121]
2018-03-28 14:07:56 null
com.lenovo.exception.NetException: null
	at com.lenovo.spider.interfaces.ConfigInterface.check(ConfigInterface.java:53) ~[classes/:?]
	at com.lenovo.spider.interfaces.ConfigInterface.uploadCrawlerInfo(ConfigInterface.java:256) ~[classes/:?]
	at com.lenovo.spider.CachePipline.lambda$1(CachePipline.java:148) ~[classes/:?]
	at java.util.concurrent.Executors$RunnableAdapter.call(Executors.java:511) [?:1.8.0_121]
	at java.util.concurrent.FutureTask.run(FutureTask.java:266) [?:1.8.0_121]
	at java.util.concurrent.ScheduledThreadPoolExecutor$ScheduledFutureTask.access$201(ScheduledThreadPoolExecutor.java:180) [?:1.8.0_121]
	at java.util.concurrent.ScheduledThreadPoolExecutor$ScheduledFutureTask.run(ScheduledThreadPoolExecutor.java:293) [?:1.8.0_121]
	at java.util.concurrent.ThreadPoolExecutor.runWorker(ThreadPoolExecutor.java:1142) [?:1.8.0_121]
	at java.util.concurrent.ThreadPoolExecutor$Worker.run(ThreadPoolExecutor.java:617) [?:1.8.0_121]
	at java.lang.Thread.run(Thread.java:745) [?:1.8.0_121]
2018-03-28 14:07:57 null
com.lenovo.exception.NetException: null
	at com.lenovo.spider.interfaces.ConfigInterface.check(ConfigInterface.java:53) ~[classes/:?]
	at com.lenovo.spider.interfaces.ConfigInterface.uploadCrawlerInfo(ConfigInterface.java:256) ~[classes/:?]
	at com.lenovo.spider.CachePipline.lambda$1(CachePipline.java:148) ~[classes/:?]
	at java.util.concurrent.Executors$RunnableAdapter.call(Executors.java:511) [?:1.8.0_121]
	at java.util.concurrent.FutureTask.run(FutureTask.java:266) [?:1.8.0_121]
	at java.util.concurrent.ScheduledThreadPoolExecutor$ScheduledFutureTask.access$201(ScheduledThreadPoolExecutor.java:180) [?:1.8.0_121]
	at java.util.concurrent.ScheduledThreadPoolExecutor$ScheduledFutureTask.run(ScheduledThreadPoolExecutor.java:293) [?:1.8.0_121]
	at java.util.concurrent.ThreadPoolExecutor.runWorker(ThreadPoolExecutor.java:1142) [?:1.8.0_121]
	at java.util.concurrent.ThreadPoolExecutor$Worker.run(ThreadPoolExecutor.java:617) [?:1.8.0_121]
	at java.lang.Thread.run(Thread.java:745) [?:1.8.0_121]
2018-03-28 14:07:58 null
com.lenovo.exception.NetException: null
	at com.lenovo.spider.interfaces.ConfigInterface.check(ConfigInterface.java:53) ~[classes/:?]
	at com.lenovo.spider.interfaces.ConfigInterface.uploadCrawlerInfo(ConfigInterface.java:256) ~[classes/:?]
	at com.lenovo.spider.CachePipline.lambda$1(CachePipline.java:148) ~[classes/:?]
	at java.util.concurrent.Executors$RunnableAdapter.call(Executors.java:511) [?:1.8.0_121]
	at java.util.concurrent.FutureTask.run(FutureTask.java:266) [?:1.8.0_121]
	at java.util.concurrent.ScheduledThreadPoolExecutor$ScheduledFutureTask.access$201(ScheduledThreadPoolExecutor.java:180) [?:1.8.0_121]
	at java.util.concurrent.ScheduledThreadPoolExecutor$ScheduledFutureTask.run(ScheduledThreadPoolExecutor.java:293) [?:1.8.0_121]
	at java.util.concurrent.ThreadPoolExecutor.runWorker(ThreadPoolExecutor.java:1142) [?:1.8.0_121]
	at java.util.concurrent.ThreadPoolExecutor$Worker.run(ThreadPoolExecutor.java:617) [?:1.8.0_121]
	at java.lang.Thread.run(Thread.java:745) [?:1.8.0_121]
2018-03-28 14:07:59 null
com.lenovo.exception.NetException: null
	at com.lenovo.spider.interfaces.ConfigInterface.check(ConfigInterface.java:53) ~[classes/:?]
	at com.lenovo.spider.interfaces.ConfigInterface.uploadCrawlerInfo(ConfigInterface.java:256) ~[classes/:?]
	at com.lenovo.spider.CachePipline.lambda$1(CachePipline.java:148) ~[classes/:?]
	at java.util.concurrent.Executors$RunnableAdapter.call(Executors.java:511) [?:1.8.0_121]
	at java.util.concurrent.FutureTask.run(FutureTask.java:266) [?:1.8.0_121]
	at java.util.concurrent.ScheduledThreadPoolExecutor$ScheduledFutureTask.access$201(ScheduledThreadPoolExecutor.java:180) [?:1.8.0_121]
	at java.util.concurrent.ScheduledThreadPoolExecutor$ScheduledFutureTask.run(ScheduledThreadPoolExecutor.java:293) [?:1.8.0_121]
	at java.util.concurrent.ThreadPoolExecutor.runWorker(ThreadPoolExecutor.java:1142) [?:1.8.0_121]
	at java.util.concurrent.ThreadPoolExecutor$Worker.run(ThreadPoolExecutor.java:617) [?:1.8.0_121]
	at java.lang.Thread.run(Thread.java:745) [?:1.8.0_121]
2018-03-28 14:08:00 null
com.lenovo.exception.NetException: null
	at com.lenovo.spider.interfaces.ConfigInterface.check(ConfigInterface.java:53) ~[classes/:?]
	at com.lenovo.spider.interfaces.ConfigInterface.uploadCrawlerInfo(ConfigInterface.java:256) ~[classes/:?]
	at com.lenovo.spider.CachePipline.lambda$1(CachePipline.java:148) ~[classes/:?]
	at java.util.concurrent.Executors$RunnableAdapter.call(Executors.java:511) [?:1.8.0_121]
	at java.util.concurrent.FutureTask.run(FutureTask.java:266) [?:1.8.0_121]
	at java.util.concurrent.ScheduledThreadPoolExecutor$ScheduledFutureTask.access$201(ScheduledThreadPoolExecutor.java:180) [?:1.8.0_121]
	at java.util.concurrent.ScheduledThreadPoolExecutor$ScheduledFutureTask.run(ScheduledThreadPoolExecutor.java:293) [?:1.8.0_121]
	at java.util.concurrent.ThreadPoolExecutor.runWorker(ThreadPoolExecutor.java:1142) [?:1.8.0_121]
	at java.util.concurrent.ThreadPoolExecutor$Worker.run(ThreadPoolExecutor.java:617) [?:1.8.0_121]
	at java.lang.Thread.run(Thread.java:745) [?:1.8.0_121]
2018-03-28 14:08:01 null
com.lenovo.exception.NetException: null
	at com.lenovo.spider.interfaces.ConfigInterface.check(ConfigInterface.java:53) ~[classes/:?]
	at com.lenovo.spider.interfaces.ConfigInterface.uploadCrawlerInfo(ConfigInterface.java:256) ~[classes/:?]
	at com.lenovo.spider.CachePipline.lambda$1(CachePipline.java:148) ~[classes/:?]
	at java.util.concurrent.Executors$RunnableAdapter.call(Executors.java:511) [?:1.8.0_121]
	at java.util.concurrent.FutureTask.run(FutureTask.java:266) [?:1.8.0_121]
	at java.util.concurrent.ScheduledThreadPoolExecutor$ScheduledFutureTask.access$201(ScheduledThreadPoolExecutor.java:180) [?:1.8.0_121]
	at java.util.concurrent.ScheduledThreadPoolExecutor$ScheduledFutureTask.run(ScheduledThreadPoolExecutor.java:293) [?:1.8.0_121]
	at java.util.concurrent.ThreadPoolExecutor.runWorker(ThreadPoolExecutor.java:1142) [?:1.8.0_121]
	at java.util.concurrent.ThreadPoolExecutor$Worker.run(ThreadPoolExecutor.java:617) [?:1.8.0_121]
	at java.lang.Thread.run(Thread.java:745) [?:1.8.0_121]
2018-03-28 14:08:02 null
com.lenovo.exception.NetException: null
	at com.lenovo.spider.interfaces.ConfigInterface.check(ConfigInterface.java:53) ~[classes/:?]
	at com.lenovo.spider.interfaces.ConfigInterface.uploadCrawlerInfo(ConfigInterface.java:256) ~[classes/:?]
	at com.lenovo.spider.CachePipline.lambda$1(CachePipline.java:148) ~[classes/:?]
	at java.util.concurrent.Executors$RunnableAdapter.call(Executors.java:511) [?:1.8.0_121]
	at java.util.concurrent.FutureTask.run(FutureTask.java:266) [?:1.8.0_121]
	at java.util.concurrent.ScheduledThreadPoolExecutor$ScheduledFutureTask.access$201(ScheduledThreadPoolExecutor.java:180) [?:1.8.0_121]
	at java.util.concurrent.ScheduledThreadPoolExecutor$ScheduledFutureTask.run(ScheduledThreadPoolExecutor.java:293) [?:1.8.0_121]
	at java.util.concurrent.ThreadPoolExecutor.runWorker(ThreadPoolExecutor.java:1142) [?:1.8.0_121]
	at java.util.concurrent.ThreadPoolExecutor$Worker.run(ThreadPoolExecutor.java:617) [?:1.8.0_121]
	at java.lang.Thread.run(Thread.java:745) [?:1.8.0_121]
2018-03-28 14:08:03 null
com.lenovo.exception.NetException: null
	at com.lenovo.spider.interfaces.ConfigInterface.check(ConfigInterface.java:53) ~[classes/:?]
	at com.lenovo.spider.interfaces.ConfigInterface.uploadCrawlerInfo(ConfigInterface.java:256) ~[classes/:?]
	at com.lenovo.spider.CachePipline.lambda$1(CachePipline.java:148) ~[classes/:?]
	at java.util.concurrent.Executors$RunnableAdapter.call(Executors.java:511) [?:1.8.0_121]
	at java.util.concurrent.FutureTask.run(FutureTask.java:266) [?:1.8.0_121]
	at java.util.concurrent.ScheduledThreadPoolExecutor$ScheduledFutureTask.access$201(ScheduledThreadPoolExecutor.java:180) [?:1.8.0_121]
	at java.util.concurrent.ScheduledThreadPoolExecutor$ScheduledFutureTask.run(ScheduledThreadPoolExecutor.java:293) [?:1.8.0_121]
	at java.util.concurrent.ThreadPoolExecutor.runWorker(ThreadPoolExecutor.java:1142) [?:1.8.0_121]
	at java.util.concurrent.ThreadPoolExecutor$Worker.run(ThreadPoolExecutor.java:617) [?:1.8.0_121]
	at java.lang.Thread.run(Thread.java:745) [?:1.8.0_121]
2018-03-28 14:08:04 null
com.lenovo.exception.NetException: null
	at com.lenovo.spider.interfaces.ConfigInterface.check(ConfigInterface.java:53) ~[classes/:?]
	at com.lenovo.spider.interfaces.ConfigInterface.uploadCrawlerInfo(ConfigInterface.java:256) ~[classes/:?]
	at com.lenovo.spider.CachePipline.lambda$1(CachePipline.java:148) ~[classes/:?]
	at java.util.concurrent.Executors$RunnableAdapter.call(Executors.java:511) [?:1.8.0_121]
	at java.util.concurrent.FutureTask.run(FutureTask.java:266) [?:1.8.0_121]
	at java.util.concurrent.ScheduledThreadPoolExecutor$ScheduledFutureTask.access$201(ScheduledThreadPoolExecutor.java:180) [?:1.8.0_121]
	at java.util.concurrent.ScheduledThreadPoolExecutor$ScheduledFutureTask.run(ScheduledThreadPoolExecutor.java:293) [?:1.8.0_121]
	at java.util.concurrent.ThreadPoolExecutor.runWorker(ThreadPoolExecutor.java:1142) [?:1.8.0_121]
	at java.util.concurrent.ThreadPoolExecutor$Worker.run(ThreadPoolExecutor.java:617) [?:1.8.0_121]
	at java.lang.Thread.run(Thread.java:745) [?:1.8.0_121]
2018-03-28 14:08:05 null
com.lenovo.exception.NetException: null
	at com.lenovo.spider.interfaces.ConfigInterface.check(ConfigInterface.java:53) ~[classes/:?]
	at com.lenovo.spider.interfaces.ConfigInterface.uploadCrawlerInfo(ConfigInterface.java:256) ~[classes/:?]
	at com.lenovo.spider.CachePipline.lambda$1(CachePipline.java:148) ~[classes/:?]
	at java.util.concurrent.Executors$RunnableAdapter.call(Executors.java:511) [?:1.8.0_121]
	at java.util.concurrent.FutureTask.run(FutureTask.java:266) [?:1.8.0_121]
	at java.util.concurrent.ScheduledThreadPoolExecutor$ScheduledFutureTask.access$201(ScheduledThreadPoolExecutor.java:180) [?:1.8.0_121]
	at java.util.concurrent.ScheduledThreadPoolExecutor$ScheduledFutureTask.run(ScheduledThreadPoolExecutor.java:293) [?:1.8.0_121]
	at java.util.concurrent.ThreadPoolExecutor.runWorker(ThreadPoolExecutor.java:1142) [?:1.8.0_121]
	at java.util.concurrent.ThreadPoolExecutor$Worker.run(ThreadPoolExecutor.java:617) [?:1.8.0_121]
	at java.lang.Thread.run(Thread.java:745) [?:1.8.0_121]
2018-03-28 14:08:06 null
com.lenovo.exception.NetException: null
	at com.lenovo.spider.interfaces.ConfigInterface.check(ConfigInterface.java:53) ~[classes/:?]
	at com.lenovo.spider.interfaces.ConfigInterface.uploadCrawlerInfo(ConfigInterface.java:256) ~[classes/:?]
	at com.lenovo.spider.CachePipline.lambda$1(CachePipline.java:148) ~[classes/:?]
	at java.util.concurrent.Executors$RunnableAdapter.call(Executors.java:511) [?:1.8.0_121]
	at java.util.concurrent.FutureTask.run(FutureTask.java:266) [?:1.8.0_121]
	at java.util.concurrent.ScheduledThreadPoolExecutor$ScheduledFutureTask.access$201(ScheduledThreadPoolExecutor.java:180) [?:1.8.0_121]
	at java.util.concurrent.ScheduledThreadPoolExecutor$ScheduledFutureTask.run(ScheduledThreadPoolExecutor.java:293) [?:1.8.0_121]
	at java.util.concurrent.ThreadPoolExecutor.runWorker(ThreadPoolExecutor.java:1142) [?:1.8.0_121]
	at java.util.concurrent.ThreadPoolExecutor$Worker.run(ThreadPoolExecutor.java:617) [?:1.8.0_121]
	at java.lang.Thread.run(Thread.java:745) [?:1.8.0_121]
2018-03-28 14:08:07 null
com.lenovo.exception.NetException: null
	at com.lenovo.spider.interfaces.ConfigInterface.check(ConfigInterface.java:53) ~[classes/:?]
	at com.lenovo.spider.interfaces.ConfigInterface.uploadCrawlerInfo(ConfigInterface.java:256) ~[classes/:?]
	at com.lenovo.spider.CachePipline.lambda$1(CachePipline.java:148) ~[classes/:?]
	at java.util.concurrent.Executors$RunnableAdapter.call(Executors.java:511) [?:1.8.0_121]
	at java.util.concurrent.FutureTask.run(FutureTask.java:266) [?:1.8.0_121]
	at java.util.concurrent.ScheduledThreadPoolExecutor$ScheduledFutureTask.access$201(ScheduledThreadPoolExecutor.java:180) [?:1.8.0_121]
	at java.util.concurrent.ScheduledThreadPoolExecutor$ScheduledFutureTask.run(ScheduledThreadPoolExecutor.java:293) [?:1.8.0_121]
	at java.util.concurrent.ThreadPoolExecutor.runWorker(ThreadPoolExecutor.java:1142) [?:1.8.0_121]
	at java.util.concurrent.ThreadPoolExecutor$Worker.run(ThreadPoolExecutor.java:617) [?:1.8.0_121]
	at java.lang.Thread.run(Thread.java:745) [?:1.8.0_121]
2018-03-28 14:08:08 null
com.lenovo.exception.NetException: null
	at com.lenovo.spider.interfaces.ConfigInterface.check(ConfigInterface.java:53) ~[classes/:?]
	at com.lenovo.spider.interfaces.ConfigInterface.uploadCrawlerInfo(ConfigInterface.java:256) ~[classes/:?]
	at com.lenovo.spider.CachePipline.lambda$1(CachePipline.java:148) ~[classes/:?]
	at java.util.concurrent.Executors$RunnableAdapter.call(Executors.java:511) [?:1.8.0_121]
	at java.util.concurrent.FutureTask.run(FutureTask.java:266) [?:1.8.0_121]
	at java.util.concurrent.ScheduledThreadPoolExecutor$ScheduledFutureTask.access$201(ScheduledThreadPoolExecutor.java:180) [?:1.8.0_121]
	at java.util.concurrent.ScheduledThreadPoolExecutor$ScheduledFutureTask.run(ScheduledThreadPoolExecutor.java:293) [?:1.8.0_121]
	at java.util.concurrent.ThreadPoolExecutor.runWorker(ThreadPoolExecutor.java:1142) [?:1.8.0_121]
	at java.util.concurrent.ThreadPoolExecutor$Worker.run(ThreadPoolExecutor.java:617) [?:1.8.0_121]
	at java.lang.Thread.run(Thread.java:745) [?:1.8.0_121]
2018-03-28 14:08:09 null
com.lenovo.exception.NetException: null
	at com.lenovo.spider.interfaces.ConfigInterface.check(ConfigInterface.java:53) ~[classes/:?]
	at com.lenovo.spider.interfaces.ConfigInterface.uploadCrawlerInfo(ConfigInterface.java:256) ~[classes/:?]
	at com.lenovo.spider.CachePipline.lambda$1(CachePipline.java:148) ~[classes/:?]
	at java.util.concurrent.Executors$RunnableAdapter.call(Executors.java:511) [?:1.8.0_121]
	at java.util.concurrent.FutureTask.run(FutureTask.java:266) [?:1.8.0_121]
	at java.util.concurrent.ScheduledThreadPoolExecutor$ScheduledFutureTask.access$201(ScheduledThreadPoolExecutor.java:180) [?:1.8.0_121]
	at java.util.concurrent.ScheduledThreadPoolExecutor$ScheduledFutureTask.run(ScheduledThreadPoolExecutor.java:293) [?:1.8.0_121]
	at java.util.concurrent.ThreadPoolExecutor.runWorker(ThreadPoolExecutor.java:1142) [?:1.8.0_121]
	at java.util.concurrent.ThreadPoolExecutor$Worker.run(ThreadPoolExecutor.java:617) [?:1.8.0_121]
	at java.lang.Thread.run(Thread.java:745) [?:1.8.0_121]
2018-03-28 14:08:10 null
com.lenovo.exception.NetException: null
	at com.lenovo.spider.interfaces.ConfigInterface.check(ConfigInterface.java:53) ~[classes/:?]
	at com.lenovo.spider.interfaces.ConfigInterface.uploadCrawlerInfo(ConfigInterface.java:256) ~[classes/:?]
	at com.lenovo.spider.CachePipline.lambda$1(CachePipline.java:148) ~[classes/:?]
	at java.util.concurrent.Executors$RunnableAdapter.call(Executors.java:511) [?:1.8.0_121]
	at java.util.concurrent.FutureTask.run(FutureTask.java:266) [?:1.8.0_121]
	at java.util.concurrent.ScheduledThreadPoolExecutor$ScheduledFutureTask.access$201(ScheduledThreadPoolExecutor.java:180) [?:1.8.0_121]
	at java.util.concurrent.ScheduledThreadPoolExecutor$ScheduledFutureTask.run(ScheduledThreadPoolExecutor.java:293) [?:1.8.0_121]
	at java.util.concurrent.ThreadPoolExecutor.runWorker(ThreadPoolExecutor.java:1142) [?:1.8.0_121]
	at java.util.concurrent.ThreadPoolExecutor$Worker.run(ThreadPoolExecutor.java:617) [?:1.8.0_121]
	at java.lang.Thread.run(Thread.java:745) [?:1.8.0_121]
2018-03-28 14:08:11 null
com.lenovo.exception.NetException: null
	at com.lenovo.spider.interfaces.ConfigInterface.check(ConfigInterface.java:53) ~[classes/:?]
	at com.lenovo.spider.interfaces.ConfigInterface.uploadCrawlerInfo(ConfigInterface.java:256) ~[classes/:?]
	at com.lenovo.spider.CachePipline.lambda$1(CachePipline.java:148) ~[classes/:?]
	at java.util.concurrent.Executors$RunnableAdapter.call(Executors.java:511) [?:1.8.0_121]
	at java.util.concurrent.FutureTask.run(FutureTask.java:266) [?:1.8.0_121]
	at java.util.concurrent.ScheduledThreadPoolExecutor$ScheduledFutureTask.access$201(ScheduledThreadPoolExecutor.java:180) [?:1.8.0_121]
	at java.util.concurrent.ScheduledThreadPoolExecutor$ScheduledFutureTask.run(ScheduledThreadPoolExecutor.java:293) [?:1.8.0_121]
	at java.util.concurrent.ThreadPoolExecutor.runWorker(ThreadPoolExecutor.java:1142) [?:1.8.0_121]
	at java.util.concurrent.ThreadPoolExecutor$Worker.run(ThreadPoolExecutor.java:617) [?:1.8.0_121]
	at java.lang.Thread.run(Thread.java:745) [?:1.8.0_121]
2018-03-28 14:08:12 null
com.lenovo.exception.NetException: null
	at com.lenovo.spider.interfaces.ConfigInterface.check(ConfigInterface.java:53) ~[classes/:?]
	at com.lenovo.spider.interfaces.ConfigInterface.uploadCrawlerInfo(ConfigInterface.java:256) ~[classes/:?]
	at com.lenovo.spider.CachePipline.lambda$1(CachePipline.java:148) ~[classes/:?]
	at java.util.concurrent.Executors$RunnableAdapter.call(Executors.java:511) [?:1.8.0_121]
	at java.util.concurrent.FutureTask.run(FutureTask.java:266) [?:1.8.0_121]
	at java.util.concurrent.ScheduledThreadPoolExecutor$ScheduledFutureTask.access$201(ScheduledThreadPoolExecutor.java:180) [?:1.8.0_121]
	at java.util.concurrent.ScheduledThreadPoolExecutor$ScheduledFutureTask.run(ScheduledThreadPoolExecutor.java:293) [?:1.8.0_121]
	at java.util.concurrent.ThreadPoolExecutor.runWorker(ThreadPoolExecutor.java:1142) [?:1.8.0_121]
	at java.util.concurrent.ThreadPoolExecutor$Worker.run(ThreadPoolExecutor.java:617) [?:1.8.0_121]
	at java.lang.Thread.run(Thread.java:745) [?:1.8.0_121]
2018-03-28 14:08:13 null
com.lenovo.exception.NetException: null
	at com.lenovo.spider.interfaces.ConfigInterface.check(ConfigInterface.java:53) ~[classes/:?]
	at com.lenovo.spider.interfaces.ConfigInterface.uploadCrawlerInfo(ConfigInterface.java:256) ~[classes/:?]
	at com.lenovo.spider.CachePipline.lambda$1(CachePipline.java:148) ~[classes/:?]
	at java.util.concurrent.Executors$RunnableAdapter.call(Executors.java:511) [?:1.8.0_121]
	at java.util.concurrent.FutureTask.run(FutureTask.java:266) [?:1.8.0_121]
	at java.util.concurrent.ScheduledThreadPoolExecutor$ScheduledFutureTask.access$201(ScheduledThreadPoolExecutor.java:180) [?:1.8.0_121]
	at java.util.concurrent.ScheduledThreadPoolExecutor$ScheduledFutureTask.run(ScheduledThreadPoolExecutor.java:293) [?:1.8.0_121]
	at java.util.concurrent.ThreadPoolExecutor.runWorker(ThreadPoolExecutor.java:1142) [?:1.8.0_121]
	at java.util.concurrent.ThreadPoolExecutor$Worker.run(ThreadPoolExecutor.java:617) [?:1.8.0_121]
	at java.lang.Thread.run(Thread.java:745) [?:1.8.0_121]
2018-03-28 14:08:14 null
com.lenovo.exception.NetException: null
	at com.lenovo.spider.interfaces.ConfigInterface.check(ConfigInterface.java:53) ~[classes/:?]
	at com.lenovo.spider.interfaces.ConfigInterface.uploadCrawlerInfo(ConfigInterface.java:256) ~[classes/:?]
	at com.lenovo.spider.CachePipline.lambda$1(CachePipline.java:148) ~[classes/:?]
	at java.util.concurrent.Executors$RunnableAdapter.call(Executors.java:511) [?:1.8.0_121]
	at java.util.concurrent.FutureTask.run(FutureTask.java:266) [?:1.8.0_121]
	at java.util.concurrent.ScheduledThreadPoolExecutor$ScheduledFutureTask.access$201(ScheduledThreadPoolExecutor.java:180) [?:1.8.0_121]
	at java.util.concurrent.ScheduledThreadPoolExecutor$ScheduledFutureTask.run(ScheduledThreadPoolExecutor.java:293) [?:1.8.0_121]
	at java.util.concurrent.ThreadPoolExecutor.runWorker(ThreadPoolExecutor.java:1142) [?:1.8.0_121]
	at java.util.concurrent.ThreadPoolExecutor$Worker.run(ThreadPoolExecutor.java:617) [?:1.8.0_121]
	at java.lang.Thread.run(Thread.java:745) [?:1.8.0_121]
2018-03-28 14:08:15 null
com.lenovo.exception.NetException: null
	at com.lenovo.spider.interfaces.ConfigInterface.check(ConfigInterface.java:53) ~[classes/:?]
	at com.lenovo.spider.interfaces.ConfigInterface.uploadCrawlerInfo(ConfigInterface.java:256) ~[classes/:?]
	at com.lenovo.spider.CachePipline.lambda$1(CachePipline.java:148) ~[classes/:?]
	at java.util.concurrent.Executors$RunnableAdapter.call(Executors.java:511) [?:1.8.0_121]
	at java.util.concurrent.FutureTask.run(FutureTask.java:266) [?:1.8.0_121]
	at java.util.concurrent.ScheduledThreadPoolExecutor$ScheduledFutureTask.access$201(ScheduledThreadPoolExecutor.java:180) [?:1.8.0_121]
	at java.util.concurrent.ScheduledThreadPoolExecutor$ScheduledFutureTask.run(ScheduledThreadPoolExecutor.java:293) [?:1.8.0_121]
	at java.util.concurrent.ThreadPoolExecutor.runWorker(ThreadPoolExecutor.java:1142) [?:1.8.0_121]
	at java.util.concurrent.ThreadPoolExecutor$Worker.run(ThreadPoolExecutor.java:617) [?:1.8.0_121]
	at java.lang.Thread.run(Thread.java:745) [?:1.8.0_121]
2018-03-28 14:08:16 null
com.lenovo.exception.NetException: null
	at com.lenovo.spider.interfaces.ConfigInterface.check(ConfigInterface.java:53) ~[classes/:?]
	at com.lenovo.spider.interfaces.ConfigInterface.uploadCrawlerInfo(ConfigInterface.java:256) ~[classes/:?]
	at com.lenovo.spider.CachePipline.lambda$1(CachePipline.java:148) ~[classes/:?]
	at java.util.concurrent.Executors$RunnableAdapter.call(Executors.java:511) [?:1.8.0_121]
	at java.util.concurrent.FutureTask.run(FutureTask.java:266) [?:1.8.0_121]
	at java.util.concurrent.ScheduledThreadPoolExecutor$ScheduledFutureTask.access$201(ScheduledThreadPoolExecutor.java:180) [?:1.8.0_121]
	at java.util.concurrent.ScheduledThreadPoolExecutor$ScheduledFutureTask.run(ScheduledThreadPoolExecutor.java:293) [?:1.8.0_121]
	at java.util.concurrent.ThreadPoolExecutor.runWorker(ThreadPoolExecutor.java:1142) [?:1.8.0_121]
	at java.util.concurrent.ThreadPoolExecutor$Worker.run(ThreadPoolExecutor.java:617) [?:1.8.0_121]
	at java.lang.Thread.run(Thread.java:745) [?:1.8.0_121]
2018-03-28 14:08:17 null
com.lenovo.exception.NetException: null
	at com.lenovo.spider.interfaces.ConfigInterface.check(ConfigInterface.java:53) ~[classes/:?]
	at com.lenovo.spider.interfaces.ConfigInterface.uploadCrawlerInfo(ConfigInterface.java:256) ~[classes/:?]
	at com.lenovo.spider.CachePipline.lambda$1(CachePipline.java:148) ~[classes/:?]
	at java.util.concurrent.Executors$RunnableAdapter.call(Executors.java:511) [?:1.8.0_121]
	at java.util.concurrent.FutureTask.run(FutureTask.java:266) [?:1.8.0_121]
	at java.util.concurrent.ScheduledThreadPoolExecutor$ScheduledFutureTask.access$201(ScheduledThreadPoolExecutor.java:180) [?:1.8.0_121]
	at java.util.concurrent.ScheduledThreadPoolExecutor$ScheduledFutureTask.run(ScheduledThreadPoolExecutor.java:293) [?:1.8.0_121]
	at java.util.concurrent.ThreadPoolExecutor.runWorker(ThreadPoolExecutor.java:1142) [?:1.8.0_121]
	at java.util.concurrent.ThreadPoolExecutor$Worker.run(ThreadPoolExecutor.java:617) [?:1.8.0_121]
	at java.lang.Thread.run(Thread.java:745) [?:1.8.0_121]
2018-03-28 14:08:18 null
com.lenovo.exception.NetException: null
	at com.lenovo.spider.interfaces.ConfigInterface.check(ConfigInterface.java:53) ~[classes/:?]
	at com.lenovo.spider.interfaces.ConfigInterface.uploadCrawlerInfo(ConfigInterface.java:256) ~[classes/:?]
	at com.lenovo.spider.CachePipline.lambda$1(CachePipline.java:148) ~[classes/:?]
	at java.util.concurrent.Executors$RunnableAdapter.call(Executors.java:511) [?:1.8.0_121]
	at java.util.concurrent.FutureTask.run(FutureTask.java:266) [?:1.8.0_121]
	at java.util.concurrent.ScheduledThreadPoolExecutor$ScheduledFutureTask.access$201(ScheduledThreadPoolExecutor.java:180) [?:1.8.0_121]
	at java.util.concurrent.ScheduledThreadPoolExecutor$ScheduledFutureTask.run(ScheduledThreadPoolExecutor.java:293) [?:1.8.0_121]
	at java.util.concurrent.ThreadPoolExecutor.runWorker(ThreadPoolExecutor.java:1142) [?:1.8.0_121]
	at java.util.concurrent.ThreadPoolExecutor$Worker.run(ThreadPoolExecutor.java:617) [?:1.8.0_121]
	at java.lang.Thread.run(Thread.java:745) [?:1.8.0_121]
2018-03-28 14:08:19 null
com.lenovo.exception.NetException: null
	at com.lenovo.spider.interfaces.ConfigInterface.check(ConfigInterface.java:53) ~[classes/:?]
	at com.lenovo.spider.interfaces.ConfigInterface.uploadCrawlerInfo(ConfigInterface.java:256) ~[classes/:?]
	at com.lenovo.spider.CachePipline.lambda$1(CachePipline.java:148) ~[classes/:?]
	at java.util.concurrent.Executors$RunnableAdapter.call(Executors.java:511) [?:1.8.0_121]
	at java.util.concurrent.FutureTask.run(FutureTask.java:266) [?:1.8.0_121]
	at java.util.concurrent.ScheduledThreadPoolExecutor$ScheduledFutureTask.access$201(ScheduledThreadPoolExecutor.java:180) [?:1.8.0_121]
	at java.util.concurrent.ScheduledThreadPoolExecutor$ScheduledFutureTask.run(ScheduledThreadPoolExecutor.java:293) [?:1.8.0_121]
	at java.util.concurrent.ThreadPoolExecutor.runWorker(ThreadPoolExecutor.java:1142) [?:1.8.0_121]
	at java.util.concurrent.ThreadPoolExecutor$Worker.run(ThreadPoolExecutor.java:617) [?:1.8.0_121]
	at java.lang.Thread.run(Thread.java:745) [?:1.8.0_121]
2018-03-28 14:08:20 null
com.lenovo.exception.NetException: null
	at com.lenovo.spider.interfaces.ConfigInterface.check(ConfigInterface.java:53) ~[classes/:?]
	at com.lenovo.spider.interfaces.ConfigInterface.uploadCrawlerInfo(ConfigInterface.java:256) ~[classes/:?]
	at com.lenovo.spider.CachePipline.lambda$1(CachePipline.java:148) ~[classes/:?]
	at java.util.concurrent.Executors$RunnableAdapter.call(Executors.java:511) [?:1.8.0_121]
	at java.util.concurrent.FutureTask.run(FutureTask.java:266) [?:1.8.0_121]
	at java.util.concurrent.ScheduledThreadPoolExecutor$ScheduledFutureTask.access$201(ScheduledThreadPoolExecutor.java:180) [?:1.8.0_121]
	at java.util.concurrent.ScheduledThreadPoolExecutor$ScheduledFutureTask.run(ScheduledThreadPoolExecutor.java:293) [?:1.8.0_121]
	at java.util.concurrent.ThreadPoolExecutor.runWorker(ThreadPoolExecutor.java:1142) [?:1.8.0_121]
	at java.util.concurrent.ThreadPoolExecutor$Worker.run(ThreadPoolExecutor.java:617) [?:1.8.0_121]
	at java.lang.Thread.run(Thread.java:745) [?:1.8.0_121]
2018-03-28 14:08:21 null
com.lenovo.exception.NetException: null
	at com.lenovo.spider.interfaces.ConfigInterface.check(ConfigInterface.java:53) ~[classes/:?]
	at com.lenovo.spider.interfaces.ConfigInterface.uploadCrawlerInfo(ConfigInterface.java:256) ~[classes/:?]
	at com.lenovo.spider.CachePipline.lambda$1(CachePipline.java:148) ~[classes/:?]
	at java.util.concurrent.Executors$RunnableAdapter.call(Executors.java:511) [?:1.8.0_121]
	at java.util.concurrent.FutureTask.run(FutureTask.java:266) [?:1.8.0_121]
	at java.util.concurrent.ScheduledThreadPoolExecutor$ScheduledFutureTask.access$201(ScheduledThreadPoolExecutor.java:180) [?:1.8.0_121]
	at java.util.concurrent.ScheduledThreadPoolExecutor$ScheduledFutureTask.run(ScheduledThreadPoolExecutor.java:293) [?:1.8.0_121]
	at java.util.concurrent.ThreadPoolExecutor.runWorker(ThreadPoolExecutor.java:1142) [?:1.8.0_121]
	at java.util.concurrent.ThreadPoolExecutor$Worker.run(ThreadPoolExecutor.java:617) [?:1.8.0_121]
	at java.lang.Thread.run(Thread.java:745) [?:1.8.0_121]
2018-03-28 14:08:22 null
com.lenovo.exception.NetException: null
	at com.lenovo.spider.interfaces.ConfigInterface.check(ConfigInterface.java:53) ~[classes/:?]
	at com.lenovo.spider.interfaces.ConfigInterface.uploadCrawlerInfo(ConfigInterface.java:256) ~[classes/:?]
	at com.lenovo.spider.CachePipline.lambda$1(CachePipline.java:148) ~[classes/:?]
	at java.util.concurrent.Executors$RunnableAdapter.call(Executors.java:511) [?:1.8.0_121]
	at java.util.concurrent.FutureTask.run(FutureTask.java:266) [?:1.8.0_121]
	at java.util.concurrent.ScheduledThreadPoolExecutor$ScheduledFutureTask.access$201(ScheduledThreadPoolExecutor.java:180) [?:1.8.0_121]
	at java.util.concurrent.ScheduledThreadPoolExecutor$ScheduledFutureTask.run(ScheduledThreadPoolExecutor.java:293) [?:1.8.0_121]
	at java.util.concurrent.ThreadPoolExecutor.runWorker(ThreadPoolExecutor.java:1142) [?:1.8.0_121]
	at java.util.concurrent.ThreadPoolExecutor$Worker.run(ThreadPoolExecutor.java:617) [?:1.8.0_121]
	at java.lang.Thread.run(Thread.java:745) [?:1.8.0_121]
2018-03-28 14:08:23 null
com.lenovo.exception.NetException: null
	at com.lenovo.spider.interfaces.ConfigInterface.check(ConfigInterface.java:53) ~[classes/:?]
	at com.lenovo.spider.interfaces.ConfigInterface.uploadCrawlerInfo(ConfigInterface.java:256) ~[classes/:?]
	at com.lenovo.spider.CachePipline.lambda$1(CachePipline.java:148) ~[classes/:?]
	at java.util.concurrent.Executors$RunnableAdapter.call(Executors.java:511) [?:1.8.0_121]
	at java.util.concurrent.FutureTask.run(FutureTask.java:266) [?:1.8.0_121]
	at java.util.concurrent.ScheduledThreadPoolExecutor$ScheduledFutureTask.access$201(ScheduledThreadPoolExecutor.java:180) [?:1.8.0_121]
	at java.util.concurrent.ScheduledThreadPoolExecutor$ScheduledFutureTask.run(ScheduledThreadPoolExecutor.java:293) [?:1.8.0_121]
	at java.util.concurrent.ThreadPoolExecutor.runWorker(ThreadPoolExecutor.java:1142) [?:1.8.0_121]
	at java.util.concurrent.ThreadPoolExecutor$Worker.run(ThreadPoolExecutor.java:617) [?:1.8.0_121]
	at java.lang.Thread.run(Thread.java:745) [?:1.8.0_121]
2018-03-28 14:08:24 null
com.lenovo.exception.NetException: null
	at com.lenovo.spider.interfaces.ConfigInterface.check(ConfigInterface.java:53) ~[classes/:?]
	at com.lenovo.spider.interfaces.ConfigInterface.uploadCrawlerInfo(ConfigInterface.java:256) ~[classes/:?]
	at com.lenovo.spider.CachePipline.lambda$1(CachePipline.java:148) ~[classes/:?]
	at java.util.concurrent.Executors$RunnableAdapter.call(Executors.java:511) [?:1.8.0_121]
	at java.util.concurrent.FutureTask.run(FutureTask.java:266) [?:1.8.0_121]
	at java.util.concurrent.ScheduledThreadPoolExecutor$ScheduledFutureTask.access$201(ScheduledThreadPoolExecutor.java:180) [?:1.8.0_121]
	at java.util.concurrent.ScheduledThreadPoolExecutor$ScheduledFutureTask.run(ScheduledThreadPoolExecutor.java:293) [?:1.8.0_121]
	at java.util.concurrent.ThreadPoolExecutor.runWorker(ThreadPoolExecutor.java:1142) [?:1.8.0_121]
	at java.util.concurrent.ThreadPoolExecutor$Worker.run(ThreadPoolExecutor.java:617) [?:1.8.0_121]
	at java.lang.Thread.run(Thread.java:745) [?:1.8.0_121]
2018-03-28 14:08:25 null
com.lenovo.exception.NetException: null
	at com.lenovo.spider.interfaces.ConfigInterface.check(ConfigInterface.java:53) ~[classes/:?]
	at com.lenovo.spider.interfaces.ConfigInterface.uploadCrawlerInfo(ConfigInterface.java:256) ~[classes/:?]
	at com.lenovo.spider.CachePipline.lambda$1(CachePipline.java:148) ~[classes/:?]
	at java.util.concurrent.Executors$RunnableAdapter.call(Executors.java:511) [?:1.8.0_121]
	at java.util.concurrent.FutureTask.run(FutureTask.java:266) [?:1.8.0_121]
	at java.util.concurrent.ScheduledThreadPoolExecutor$ScheduledFutureTask.access$201(ScheduledThreadPoolExecutor.java:180) [?:1.8.0_121]
	at java.util.concurrent.ScheduledThreadPoolExecutor$ScheduledFutureTask.run(ScheduledThreadPoolExecutor.java:293) [?:1.8.0_121]
	at java.util.concurrent.ThreadPoolExecutor.runWorker(ThreadPoolExecutor.java:1142) [?:1.8.0_121]
	at java.util.concurrent.ThreadPoolExecutor$Worker.run(ThreadPoolExecutor.java:617) [?:1.8.0_121]
	at java.lang.Thread.run(Thread.java:745) [?:1.8.0_121]
2018-03-28 14:08:26 null
com.lenovo.exception.NetException: null
	at com.lenovo.spider.interfaces.ConfigInterface.check(ConfigInterface.java:53) ~[classes/:?]
	at com.lenovo.spider.interfaces.ConfigInterface.uploadCrawlerInfo(ConfigInterface.java:256) ~[classes/:?]
	at com.lenovo.spider.CachePipline.lambda$1(CachePipline.java:148) ~[classes/:?]
	at java.util.concurrent.Executors$RunnableAdapter.call(Executors.java:511) [?:1.8.0_121]
	at java.util.concurrent.FutureTask.run(FutureTask.java:266) [?:1.8.0_121]
	at java.util.concurrent.ScheduledThreadPoolExecutor$ScheduledFutureTask.access$201(ScheduledThreadPoolExecutor.java:180) [?:1.8.0_121]
	at java.util.concurrent.ScheduledThreadPoolExecutor$ScheduledFutureTask.run(ScheduledThreadPoolExecutor.java:293) [?:1.8.0_121]
	at java.util.concurrent.ThreadPoolExecutor.runWorker(ThreadPoolExecutor.java:1142) [?:1.8.0_121]
	at java.util.concurrent.ThreadPoolExecutor$Worker.run(ThreadPoolExecutor.java:617) [?:1.8.0_121]
	at java.lang.Thread.run(Thread.java:745) [?:1.8.0_121]
2018-03-28 14:08:27 null
com.lenovo.exception.NetException: null
	at com.lenovo.spider.interfaces.ConfigInterface.check(ConfigInterface.java:53) ~[classes/:?]
	at com.lenovo.spider.interfaces.ConfigInterface.uploadCrawlerInfo(ConfigInterface.java:256) ~[classes/:?]
	at com.lenovo.spider.CachePipline.lambda$1(CachePipline.java:148) ~[classes/:?]
	at java.util.concurrent.Executors$RunnableAdapter.call(Executors.java:511) [?:1.8.0_121]
	at java.util.concurrent.FutureTask.run(FutureTask.java:266) [?:1.8.0_121]
	at java.util.concurrent.ScheduledThreadPoolExecutor$ScheduledFutureTask.access$201(ScheduledThreadPoolExecutor.java:180) [?:1.8.0_121]
	at java.util.concurrent.ScheduledThreadPoolExecutor$ScheduledFutureTask.run(ScheduledThreadPoolExecutor.java:293) [?:1.8.0_121]
	at java.util.concurrent.ThreadPoolExecutor.runWorker(ThreadPoolExecutor.java:1142) [?:1.8.0_121]
	at java.util.concurrent.ThreadPoolExecutor$Worker.run(ThreadPoolExecutor.java:617) [?:1.8.0_121]
	at java.lang.Thread.run(Thread.java:745) [?:1.8.0_121]
2018-03-28 14:08:28 null
com.lenovo.exception.NetException: null
	at com.lenovo.spider.interfaces.ConfigInterface.check(ConfigInterface.java:53) ~[classes/:?]
	at com.lenovo.spider.interfaces.ConfigInterface.uploadCrawlerInfo(ConfigInterface.java:256) ~[classes/:?]
	at com.lenovo.spider.CachePipline.lambda$1(CachePipline.java:148) ~[classes/:?]
	at java.util.concurrent.Executors$RunnableAdapter.call(Executors.java:511) [?:1.8.0_121]
	at java.util.concurrent.FutureTask.run(FutureTask.java:266) [?:1.8.0_121]
	at java.util.concurrent.ScheduledThreadPoolExecutor$ScheduledFutureTask.access$201(ScheduledThreadPoolExecutor.java:180) [?:1.8.0_121]
	at java.util.concurrent.ScheduledThreadPoolExecutor$ScheduledFutureTask.run(ScheduledThreadPoolExecutor.java:293) [?:1.8.0_121]
	at java.util.concurrent.ThreadPoolExecutor.runWorker(ThreadPoolExecutor.java:1142) [?:1.8.0_121]
	at java.util.concurrent.ThreadPoolExecutor$Worker.run(ThreadPoolExecutor.java:617) [?:1.8.0_121]
	at java.lang.Thread.run(Thread.java:745) [?:1.8.0_121]
2018-03-28 14:08:29 null
com.lenovo.exception.NetException: null
	at com.lenovo.spider.interfaces.ConfigInterface.check(ConfigInterface.java:53) ~[classes/:?]
	at com.lenovo.spider.interfaces.ConfigInterface.uploadCrawlerInfo(ConfigInterface.java:256) ~[classes/:?]
	at com.lenovo.spider.CachePipline.lambda$1(CachePipline.java:148) ~[classes/:?]
	at java.util.concurrent.Executors$RunnableAdapter.call(Executors.java:511) [?:1.8.0_121]
	at java.util.concurrent.FutureTask.run(FutureTask.java:266) [?:1.8.0_121]
	at java.util.concurrent.ScheduledThreadPoolExecutor$ScheduledFutureTask.access$201(ScheduledThreadPoolExecutor.java:180) [?:1.8.0_121]
	at java.util.concurrent.ScheduledThreadPoolExecutor$ScheduledFutureTask.run(ScheduledThreadPoolExecutor.java:293) [?:1.8.0_121]
	at java.util.concurrent.ThreadPoolExecutor.runWorker(ThreadPoolExecutor.java:1142) [?:1.8.0_121]
	at java.util.concurrent.ThreadPoolExecutor$Worker.run(ThreadPoolExecutor.java:617) [?:1.8.0_121]
	at java.lang.Thread.run(Thread.java:745) [?:1.8.0_121]
